[0.031s] Invoking command in '/home/mohamed/ros2_ws2/build/my_robot_bringup': CMAKE_PREFIX_PATH=${CMAKE_PREFIX_PATH}:/home/mohamed/ros2_final_project/install/final_project:/home/mohamed/ros2_ws/install/my_py_pkg:/home/mohamed/ros2_ws/install/activity_4:/home/mohamed/ros2_ws/install/final_project:/home/mohamed/ros2_ws/install/activity_2:/opt/ros/jazzy DEBUGINFOD_URLS=https://debuginfod.ubuntu.com /usr/bin/cmake --build /home/mohamed/ros2_ws2/build/my_robot_bringup -- -j7 -l7
[0.092s] Invoked command in '/home/mohamed/ros2_ws2/build/my_robot_bringup' returned '0': CMAKE_PREFIX_PATH=${CMAKE_PREFIX_PATH}:/home/mohamed/ros2_final_project/install/final_project:/home/mohamed/ros2_ws/install/my_py_pkg:/home/mohamed/ros2_ws/install/activity_4:/home/mohamed/ros2_ws/install/final_project:/home/mohamed/ros2_ws/install/activity_2:/opt/ros/jazzy DEBUGINFOD_URLS=https://debuginfod.ubuntu.com /usr/bin/cmake --build /home/mohamed/ros2_ws2/build/my_robot_bringup -- -j7 -l7
[0.108s] Invoking command in '/home/mohamed/ros2_ws2/build/my_robot_bringup': CMAKE_PREFIX_PATH=${CMAKE_PREFIX_PATH}:/home/mohamed/ros2_final_project/install/final_project:/home/mohamed/ros2_ws/install/my_py_pkg:/home/mohamed/ros2_ws/install/activity_4:/home/mohamed/ros2_ws/install/final_project:/home/mohamed/ros2_ws/install/activity_2:/opt/ros/jazzy DEBUGINFOD_URLS=https://debuginfod.ubuntu.com /usr/bin/cmake --install /home/mohamed/ros2_ws2/build/my_robot_bringup
[0.122s] -- Install configuration: ""
[0.122s] -- Execute custom install script
[0.123s] -- Up-to-date symlink: /home/mohamed/ros2_ws2/install/my_robot_bringup/share/my_robot_bringup/launch/my_robot_gazebo.launch.xml
[0.123s] -- Up-to-date symlink: /home/mohamed/ros2_ws2/install/my_robot_bringup/share/ament_index/resource_index/package_run_dependencies/my_robot_bringup
[0.123s] -- Up-to-date symlink: /home/mohamed/ros2_ws2/install/my_robot_bringup/share/ament_index/resource_index/parent_prefix_path/my_robot_bringup
[0.123s] -- Up-to-date symlink: /home/mohamed/ros2_ws2/install/my_robot_bringup/share/my_robot_bringup/environment/ament_prefix_path.sh
[0.124s] -- Up-to-date symlink: /home/mohamed/ros2_ws2/install/my_robot_bringup/share/my_robot_bringup/environment/ament_prefix_path.dsv
[0.124s] -- Up-to-date symlink: /home/mohamed/ros2_ws2/install/my_robot_bringup/share/my_robot_bringup/environment/path.sh
[0.124s] -- Up-to-date symlink: /home/mohamed/ros2_ws2/install/my_robot_bringup/share/my_robot_bringup/environment/path.dsv
[0.124s] -- Up-to-date symlink: /home/mohamed/ros2_ws2/install/my_robot_bringup/share/my_robot_bringup/local_setup.bash
[0.124s] -- Up-to-date symlink: /home/mohamed/ros2_ws2/install/my_robot_bringup/share/my_robot_bringup/local_setup.sh
[0.124s] -- Up-to-date symlink: /home/mohamed/ros2_ws2/install/my_robot_bringup/share/my_robot_bringup/local_setup.zsh
[0.124s] -- Up-to-date symlink: /home/mohamed/ros2_ws2/install/my_robot_bringup/share/my_robot_bringup/local_setup.dsv
[0.125s] -- Symlinking: /home/mohamed/ros2_ws2/install/my_robot_bringup/share/my_robot_bringup/package.dsv
[0.137s] -- Up-to-date symlink: /home/mohamed/ros2_ws2/install/my_robot_bringup/share/ament_index/resource_index/packages/my_robot_bringup
[0.138s] -- Up-to-date symlink: /home/mohamed/ros2_ws2/install/my_robot_bringup/share/my_robot_bringup/cmake/my_robot_bringupConfig.cmake
[0.138s] -- Up-to-date symlink: /home/mohamed/ros2_ws2/install/my_robot_bringup/share/my_robot_bringup/cmake/my_robot_bringupConfig-version.cmake
[0.138s] -- Up-to-date symlink: /home/mohamed/ros2_ws2/install/my_robot_bringup/share/my_robot_bringup/package.xml
[0.140s] Invoked command in '/home/mohamed/ros2_ws2/build/my_robot_bringup' returned '0': CMAKE_PREFIX_PATH=${CMAKE_PREFIX_PATH}:/home/mohamed/ros2_final_project/install/final_project:/home/mohamed/ros2_ws/install/my_py_pkg:/home/mohamed/ros2_ws/install/activity_4:/home/mohamed/ros2_ws/install/final_project:/home/mohamed/ros2_ws/install/activity_2:/opt/ros/jazzy DEBUGINFOD_URLS=https://debuginfod.ubuntu.com /usr/bin/cmake --install /home/mohamed/ros2_ws2/build/my_robot_bringup
