[0.028s] Invoking command in '/home/mohamed/ros2_ws/build/my_robot_description': CMAKE_PREFIX_PATH=${CMAKE_PREFIX_PATH}:/opt/ros/jazzy DEBUGINFOD_URLS=https://debuginfod.ubuntu.com /usr/bin/cmake /home/mohamed/ros2_ws/src/my_robot_description -DCMAKE_INSTALL_PREFIX=/home/mohamed/ros2_ws/install/my_robot_description
[0.228s] -- The C compiler identification is GNU 13.3.0
[0.410s] -- The CXX compiler identification is GNU 13.3.0
[0.463s] -- Detecting C compiler ABI info
[0.703s] -- Detecting C compiler ABI info - done
[0.733s] -- Check for working C compiler: /usr/bin/cc - skipped
[0.736s] -- Detecting C compile features
[0.738s] -- Detecting C compile features - done
[0.764s] -- Detecting CXX compiler ABI info
[1.039s] -- Detecting CXX compiler ABI info - done
[1.070s] -- Check for working CXX compiler: /usr/bin/c++ - skipped
[1.070s] -- Detecting CXX compile features
[1.072s] -- Detecting CXX compile features - done
[1.090s] -- Found ament_cmake: 2.5.4 (/opt/ros/jazzy/share/ament_cmake/cmake)
[1.541s] -- Found Python3: /usr/bin/python3 (found version "3.12.3") found components: Interpreter 
[2.168s] -- Configuring done (2.1s)
[2.174s] -- Generating done (0.0s)
[2.179s] -- Build files have been written to: /home/mohamed/ros2_ws/build/my_robot_description
[2.194s] Invoked command in '/home/mohamed/ros2_ws/build/my_robot_description' returned '0': CMAKE_PREFIX_PATH=${CMAKE_PREFIX_PATH}:/opt/ros/jazzy DEBUGINFOD_URLS=https://debuginfod.ubuntu.com /usr/bin/cmake /home/mohamed/ros2_ws/src/my_robot_description -DCMAKE_INSTALL_PREFIX=/home/mohamed/ros2_ws/install/my_robot_description
[2.198s] Invoking command in '/home/mohamed/ros2_ws/build/my_robot_description': CMAKE_PREFIX_PATH=${CMAKE_PREFIX_PATH}:/opt/ros/jazzy DEBUGINFOD_URLS=https://debuginfod.ubuntu.com /usr/bin/cmake --build /home/mohamed/ros2_ws/build/my_robot_description -- -j16 -l16
[2.296s] Invoked command in '/home/mohamed/ros2_ws/build/my_robot_description' returned '0': CMAKE_PREFIX_PATH=${CMAKE_PREFIX_PATH}:/opt/ros/jazzy DEBUGINFOD_URLS=https://debuginfod.ubuntu.com /usr/bin/cmake --build /home/mohamed/ros2_ws/build/my_robot_description -- -j16 -l16
[2.321s] Invoking command in '/home/mohamed/ros2_ws/build/my_robot_description': CMAKE_PREFIX_PATH=${CMAKE_PREFIX_PATH}:/opt/ros/jazzy DEBUGINFOD_URLS=https://debuginfod.ubuntu.com /usr/bin/cmake --install /home/mohamed/ros2_ws/build/my_robot_description
[2.341s] -- Install configuration: ""
[2.342s] -- Installing: /home/mohamed/ros2_ws/install/my_robot_description/share/my_robot_description//urdf
[2.342s] -- Installing: /home/mohamed/ros2_ws/install/my_robot_description/share/my_robot_description//urdf/mobile_base_gz.xarco
[2.342s] -- Installing: /home/mohamed/ros2_ws/install/my_robot_description/share/my_robot_description//urdf/common_properties.xacro
[2.342s] -- Installing: /home/mohamed/ros2_ws/install/my_robot_description/share/my_robot_description//urdf/my_robot.urdf.xacro
[2.343s] -- Installing: /home/mohamed/ros2_ws/install/my_robot_description/share/my_robot_description//urdf/mobile_base.xacro
[2.343s] -- Installing: /home/mohamed/ros2_ws/install/my_robot_description/share/my_robot_description//launch
[2.343s] -- Installing: /home/mohamed/ros2_ws/install/my_robot_description/share/my_robot_description//launch/display.launch.xml
[2.344s] -- Installing: /home/mohamed/ros2_ws/install/my_robot_description/share/ament_index/resource_index/package_run_dependencies/my_robot_description
[2.344s] -- Installing: /home/mohamed/ros2_ws/install/my_robot_description/share/ament_index/resource_index/parent_prefix_path/my_robot_description
[2.344s] -- Installing: /home/mohamed/ros2_ws/install/my_robot_description/share/my_robot_description/environment/ament_prefix_path.sh
[2.344s] -- Installing: /home/mohamed/ros2_ws/install/my_robot_description/share/my_robot_description/environment/ament_prefix_path.dsv
[2.345s] -- Installing: /home/mohamed/ros2_ws/install/my_robot_description/share/my_robot_description/environment/path.sh
[2.345s] -- Installing: /home/mohamed/ros2_ws/install/my_robot_description/share/my_robot_description/environment/path.dsv
[2.345s] -- Installing: /home/mohamed/ros2_ws/install/my_robot_description/share/my_robot_description/local_setup.bash
[2.346s] -- Installing: /home/mohamed/ros2_ws/install/my_robot_description/share/my_robot_description/local_setup.sh
[2.346s] -- Installing: /home/mohamed/ros2_ws/install/my_robot_description/share/my_robot_description/local_setup.zsh
[2.346s] -- Installing: /home/mohamed/ros2_ws/install/my_robot_description/share/my_robot_description/local_setup.dsv
[2.346s] -- Installing: /home/mohamed/ros2_ws/install/my_robot_description/share/my_robot_description/package.dsv
[2.346s] -- Installing: /home/mohamed/ros2_ws/install/my_robot_description/share/ament_index/resource_index/packages/my_robot_description
[2.347s] -- Installing: /home/mohamed/ros2_ws/install/my_robot_description/share/my_robot_description/cmake/my_robot_descriptionConfig.cmake
[2.348s] -- Installing: /home/mohamed/ros2_ws/install/my_robot_description/share/my_robot_description/cmake/my_robot_descriptionConfig-version.cmake
[2.348s] -- Installing: /home/mohamed/ros2_ws/install/my_robot_description/share/my_robot_description/package.xml
[2.356s] Invoked command in '/home/mohamed/ros2_ws/build/my_robot_description' returned '0': CMAKE_PREFIX_PATH=${CMAKE_PREFIX_PATH}:/opt/ros/jazzy DEBUGINFOD_URLS=https://debuginfod.ubuntu.com /usr/bin/cmake --install /home/mohamed/ros2_ws/build/my_robot_description
