[0.028s] Invoking command in '/home/mohamed/ros2_ws2/build/my_robot_bringup': CMAKE_PREFIX_PATH=${CMAKE_PREFIX_PATH}:/home/mohamed/ros2_final_project/install/final_project:/home/mohamed/ros2_ws/install/my_py_pkg:/home/mohamed/ros2_ws/install/activity_4:/home/mohamed/ros2_ws/install/final_project:/home/mohamed/ros2_ws/install/activity_2:/opt/ros/jazzy DEBUGINFOD_URLS=https://debuginfod.ubuntu.com /usr/bin/cmake /home/mohamed/ros2_ws2/src/my_robot_bringup -DAMENT_CMAKE_SYMLINK_INSTALL=1 -DCMAKE_INSTALL_PREFIX=/home/mohamed/ros2_ws2/install/my_robot_bringup
[0.294s] -- The C compiler identification is GNU 13.3.0
[0.579s] -- The CXX compiler identification is GNU 13.3.0
[0.612s] -- Detecting C compiler ABI info
[0.742s] -- Detecting C compiler ABI info - done
[0.751s] -- Check for working C compiler: /usr/bin/cc - skipped
[0.758s] -- Detecting C compile features
[0.759s] -- Detecting C compile features - done
[0.773s] -- Detecting CXX compiler ABI info
[0.930s] -- Detecting CXX compiler ABI info - done
[0.937s] -- Check for working CXX compiler: /usr/bin/c++ - skipped
[0.937s] -- Detecting CXX compile features
[0.937s] -- Detecting CXX compile features - done
[0.962s] -- Found ament_cmake: 2.5.4 (/opt/ros/jazzy/share/ament_cmake/cmake)
[1.124s] -- Found Python3: /usr/bin/python3 (found version "3.12.3") found components: Interpreter 
[1.206s] -- Override CMake install command with custom implementation using symlinks instead of copying resources
[1.345s] -- Configuring done (1.3s)
[1.346s] -- Generating done (0.0s)
[1.348s] -- Build files have been written to: /home/mohamed/ros2_ws2/build/my_robot_bringup
[1.353s] Invoked command in '/home/mohamed/ros2_ws2/build/my_robot_bringup' returned '0': CMAKE_PREFIX_PATH=${CMAKE_PREFIX_PATH}:/home/mohamed/ros2_final_project/install/final_project:/home/mohamed/ros2_ws/install/my_py_pkg:/home/mohamed/ros2_ws/install/activity_4:/home/mohamed/ros2_ws/install/final_project:/home/mohamed/ros2_ws/install/activity_2:/opt/ros/jazzy DEBUGINFOD_URLS=https://debuginfod.ubuntu.com /usr/bin/cmake /home/mohamed/ros2_ws2/src/my_robot_bringup -DAMENT_CMAKE_SYMLINK_INSTALL=1 -DCMAKE_INSTALL_PREFIX=/home/mohamed/ros2_ws2/install/my_robot_bringup
[1.354s] Invoking command in '/home/mohamed/ros2_ws2/build/my_robot_bringup': CMAKE_PREFIX_PATH=${CMAKE_PREFIX_PATH}:/home/mohamed/ros2_final_project/install/final_project:/home/mohamed/ros2_ws/install/my_py_pkg:/home/mohamed/ros2_ws/install/activity_4:/home/mohamed/ros2_ws/install/final_project:/home/mohamed/ros2_ws/install/activity_2:/opt/ros/jazzy DEBUGINFOD_URLS=https://debuginfod.ubuntu.com /usr/bin/cmake --build /home/mohamed/ros2_ws2/build/my_robot_bringup -- -j7 -l7
[1.405s] Invoked command in '/home/mohamed/ros2_ws2/build/my_robot_bringup' returned '0': CMAKE_PREFIX_PATH=${CMAKE_PREFIX_PATH}:/home/mohamed/ros2_final_project/install/final_project:/home/mohamed/ros2_ws/install/my_py_pkg:/home/mohamed/ros2_ws/install/activity_4:/home/mohamed/ros2_ws/install/final_project:/home/mohamed/ros2_ws/install/activity_2:/opt/ros/jazzy DEBUGINFOD_URLS=https://debuginfod.ubuntu.com /usr/bin/cmake --build /home/mohamed/ros2_ws2/build/my_robot_bringup -- -j7 -l7
[1.406s] Invoking command in '/home/mohamed/ros2_ws2/build/my_robot_bringup': CMAKE_PREFIX_PATH=${CMAKE_PREFIX_PATH}:/home/mohamed/ros2_final_project/install/final_project:/home/mohamed/ros2_ws/install/my_py_pkg:/home/mohamed/ros2_ws/install/activity_4:/home/mohamed/ros2_ws/install/final_project:/home/mohamed/ros2_ws/install/activity_2:/opt/ros/jazzy DEBUGINFOD_URLS=https://debuginfod.ubuntu.com /usr/bin/cmake --install /home/mohamed/ros2_ws2/build/my_robot_bringup
[1.415s] -- Install configuration: ""
[1.416s] -- Execute custom install script
[1.416s] -- Symlinking: /home/mohamed/ros2_ws2/install/my_robot_bringup/share/my_robot_bringup/launch/my_robot_gazebo.launch.xml
[1.425s] -- Symlinking: /home/mohamed/ros2_ws2/install/my_robot_bringup/share/ament_index/resource_index/package_run_dependencies/my_robot_bringup
[1.439s] -- Symlinking: /home/mohamed/ros2_ws2/install/my_robot_bringup/share/ament_index/resource_index/parent_prefix_path/my_robot_bringup
[1.449s] -- Symlinking: /home/mohamed/ros2_ws2/install/my_robot_bringup/share/my_robot_bringup/environment/ament_prefix_path.sh
[1.458s] -- Symlinking: /home/mohamed/ros2_ws2/install/my_robot_bringup/share/my_robot_bringup/environment/ament_prefix_path.dsv
[1.469s] -- Symlinking: /home/mohamed/ros2_ws2/install/my_robot_bringup/share/my_robot_bringup/environment/path.sh
[1.480s] -- Symlinking: /home/mohamed/ros2_ws2/install/my_robot_bringup/share/my_robot_bringup/environment/path.dsv
[1.491s] -- Symlinking: /home/mohamed/ros2_ws2/install/my_robot_bringup/share/my_robot_bringup/local_setup.bash
[1.500s] -- Symlinking: /home/mohamed/ros2_ws2/install/my_robot_bringup/share/my_robot_bringup/local_setup.sh
[1.511s] -- Symlinking: /home/mohamed/ros2_ws2/install/my_robot_bringup/share/my_robot_bringup/local_setup.zsh
[1.521s] -- Symlinking: /home/mohamed/ros2_ws2/install/my_robot_bringup/share/my_robot_bringup/local_setup.dsv
[1.530s] -- Symlinking: /home/mohamed/ros2_ws2/install/my_robot_bringup/share/my_robot_bringup/package.dsv
[1.543s] -- Symlinking: /home/mohamed/ros2_ws2/install/my_robot_bringup/share/ament_index/resource_index/packages/my_robot_bringup
[1.553s] -- Symlinking: /home/mohamed/ros2_ws2/install/my_robot_bringup/share/my_robot_bringup/cmake/my_robot_bringupConfig.cmake
[1.563s] -- Symlinking: /home/mohamed/ros2_ws2/install/my_robot_bringup/share/my_robot_bringup/cmake/my_robot_bringupConfig-version.cmake
[1.573s] -- Symlinking: /home/mohamed/ros2_ws2/install/my_robot_bringup/share/my_robot_bringup/package.xml
[1.586s] Invoked command in '/home/mohamed/ros2_ws2/build/my_robot_bringup' returned '0': CMAKE_PREFIX_PATH=${CMAKE_PREFIX_PATH}:/home/mohamed/ros2_final_project/install/final_project:/home/mohamed/ros2_ws/install/my_py_pkg:/home/mohamed/ros2_ws/install/activity_4:/home/mohamed/ros2_ws/install/final_project:/home/mohamed/ros2_ws/install/activity_2:/opt/ros/jazzy DEBUGINFOD_URLS=https://debuginfod.ubuntu.com /usr/bin/cmake --install /home/mohamed/ros2_ws2/build/my_robot_bringup
