[0.196s] Invoking command in '/home/mohamed/ros2_ws2/build/my_robot_bringup': CMAKE_PREFIX_PATH=${CMAKE_PREFIX_PATH}:/home/mohamed/ros2_final_project/install/final_project:/home/mohamed/ros2_ws/install/my_py_pkg:/home/mohamed/ros2_ws/install/activity_4:/home/mohamed/ros2_ws/install/final_project:/home/mohamed/ros2_ws/install/activity_2:/opt/ros/jazzy DEBUGINFOD_URLS=https://debuginfod.ubuntu.com /usr/bin/cmake /home/mohamed/ros2_ws2/src/my_robot_bringup -DAMENT_CMAKE_SYMLINK_INSTALL=1 -DCMAKE_INSTALL_PREFIX=/home/mohamed/ros2_ws2/install/my_robot_bringup
[0.312s] -- Found ament_cmake: 2.5.4 (/opt/ros/jazzy/share/ament_cmake/cmake)
[0.980s] -- Override CMake install command with custom implementation using symlinks instead of copying resources
[1.406s] -- Configuring done (1.2s)
[1.493s] -- Generating done (0.0s)
[1.496s] -- Build files have been written to: /home/mohamed/ros2_ws2/build/my_robot_bringup
[1.510s] Invoked command in '/home/mohamed/ros2_ws2/build/my_robot_bringup' returned '0': CMAKE_PREFIX_PATH=${CMAKE_PREFIX_PATH}:/home/mohamed/ros2_final_project/install/final_project:/home/mohamed/ros2_ws/install/my_py_pkg:/home/mohamed/ros2_ws/install/activity_4:/home/mohamed/ros2_ws/install/final_project:/home/mohamed/ros2_ws/install/activity_2:/opt/ros/jazzy DEBUGINFOD_URLS=https://debuginfod.ubuntu.com /usr/bin/cmake /home/mohamed/ros2_ws2/src/my_robot_bringup -DAMENT_CMAKE_SYMLINK_INSTALL=1 -DCMAKE_INSTALL_PREFIX=/home/mohamed/ros2_ws2/install/my_robot_bringup
[1.510s] Invoking command in '/home/mohamed/ros2_ws2/build/my_robot_bringup': CMAKE_PREFIX_PATH=${CMAKE_PREFIX_PATH}:/home/mohamed/ros2_final_project/install/final_project:/home/mohamed/ros2_ws/install/my_py_pkg:/home/mohamed/ros2_ws/install/activity_4:/home/mohamed/ros2_ws/install/final_project:/home/mohamed/ros2_ws/install/activity_2:/opt/ros/jazzy DEBUGINFOD_URLS=https://debuginfod.ubuntu.com /usr/bin/cmake --build /home/mohamed/ros2_ws2/build/my_robot_bringup -- -j7 -l7
[1.661s] Invoked command in '/home/mohamed/ros2_ws2/build/my_robot_bringup' returned '0': CMAKE_PREFIX_PATH=${CMAKE_PREFIX_PATH}:/home/mohamed/ros2_final_project/install/final_project:/home/mohamed/ros2_ws/install/my_py_pkg:/home/mohamed/ros2_ws/install/activity_4:/home/mohamed/ros2_ws/install/final_project:/home/mohamed/ros2_ws/install/activity_2:/opt/ros/jazzy DEBUGINFOD_URLS=https://debuginfod.ubuntu.com /usr/bin/cmake --build /home/mohamed/ros2_ws2/build/my_robot_bringup -- -j7 -l7
[1.708s] Invoking command in '/home/mohamed/ros2_ws2/build/my_robot_bringup': CMAKE_PREFIX_PATH=${CMAKE_PREFIX_PATH}:/home/mohamed/ros2_final_project/install/final_project:/home/mohamed/ros2_ws/install/my_py_pkg:/home/mohamed/ros2_ws/install/activity_4:/home/mohamed/ros2_ws/install/final_project:/home/mohamed/ros2_ws/install/activity_2:/opt/ros/jazzy DEBUGINFOD_URLS=https://debuginfod.ubuntu.com /usr/bin/cmake --install /home/mohamed/ros2_ws2/build/my_robot_bringup
[1.737s] -- Install configuration: ""
[1.737s] -- Execute custom install script
[1.737s] -- Up-to-date symlink: /home/mohamed/ros2_ws2/install/my_robot_bringup/share/my_robot_bringup/launch/my_robot_gazebo.launch.xml
[1.737s] -- Symlinking: /home/mohamed/ros2_ws2/install/my_robot_bringup/share/my_robot_bringup/config/gazebo_bridge.yaml
[1.775s] -- Up-to-date symlink: /home/mohamed/ros2_ws2/install/my_robot_bringup/share/ament_index/resource_index/package_run_dependencies/my_robot_bringup
[1.782s] -- Up-to-date symlink: /home/mohamed/ros2_ws2/install/my_robot_bringup/share/ament_index/resource_index/parent_prefix_path/my_robot_bringup
[1.782s] -- Up-to-date symlink: /home/mohamed/ros2_ws2/install/my_robot_bringup/share/my_robot_bringup/environment/ament_prefix_path.sh
[1.782s] -- Up-to-date symlink: /home/mohamed/ros2_ws2/install/my_robot_bringup/share/my_robot_bringup/environment/ament_prefix_path.dsv
[1.782s] -- Up-to-date symlink: /home/mohamed/ros2_ws2/install/my_robot_bringup/share/my_robot_bringup/environment/path.sh
[1.782s] -- Up-to-date symlink: /home/mohamed/ros2_ws2/install/my_robot_bringup/share/my_robot_bringup/environment/path.dsv
[1.782s] -- Up-to-date symlink: /home/mohamed/ros2_ws2/install/my_robot_bringup/share/my_robot_bringup/local_setup.bash
[1.782s] -- Up-to-date symlink: /home/mohamed/ros2_ws2/install/my_robot_bringup/share/my_robot_bringup/local_setup.sh
[1.782s] -- Up-to-date symlink: /home/mohamed/ros2_ws2/install/my_robot_bringup/share/my_robot_bringup/local_setup.zsh
[1.782s] -- Up-to-date symlink: /home/mohamed/ros2_ws2/install/my_robot_bringup/share/my_robot_bringup/local_setup.dsv
[1.782s] -- Symlinking: /home/mohamed/ros2_ws2/install/my_robot_bringup/share/my_robot_bringup/package.dsv
[1.810s] -- Up-to-date symlink: /home/mohamed/ros2_ws2/install/my_robot_bringup/share/ament_index/resource_index/packages/my_robot_bringup
[1.811s] -- Up-to-date symlink: /home/mohamed/ros2_ws2/install/my_robot_bringup/share/my_robot_bringup/cmake/my_robot_bringupConfig.cmake
[1.817s] -- Up-to-date symlink: /home/mohamed/ros2_ws2/install/my_robot_bringup/share/my_robot_bringup/cmake/my_robot_bringupConfig-version.cmake
[1.817s] -- Up-to-date symlink: /home/mohamed/ros2_ws2/install/my_robot_bringup/share/my_robot_bringup/package.xml
[1.819s] Invoked command in '/home/mohamed/ros2_ws2/build/my_robot_bringup' returned '0': CMAKE_PREFIX_PATH=${CMAKE_PREFIX_PATH}:/home/mohamed/ros2_final_project/install/final_project:/home/mohamed/ros2_ws/install/my_py_pkg:/home/mohamed/ros2_ws/install/activity_4:/home/mohamed/ros2_ws/install/final_project:/home/mohamed/ros2_ws/install/activity_2:/opt/ros/jazzy DEBUGINFOD_URLS=https://debuginfod.ubuntu.com /usr/bin/cmake --install /home/mohamed/ros2_ws2/build/my_robot_bringup
