[0.034s] Invoking command in '/home/mohamed/ros2_ws/build/my_robot_bringup': CMAKE_PREFIX_PATH=${CMAKE_PREFIX_PATH}:/opt/ros/jazzy DEBUGINFOD_URLS=https://debuginfod.ubuntu.com /usr/bin/cmake /home/mohamed/ros2_ws/src/my_robot_bringup -DCMAKE_INSTALL_PREFIX=/home/mohamed/ros2_ws/install/my_robot_bringup
[0.237s] -- The C compiler identification is GNU 13.3.0
[0.426s] -- The CXX compiler identification is GNU 13.3.0
[0.477s] -- Detecting C compiler ABI info
[0.717s] -- Detecting C compiler ABI info - done
[0.745s] -- Check for working C compiler: /usr/bin/cc - skipped
[0.751s] -- Detecting C compile features
[0.753s] -- Detecting C compile features - done
[0.778s] -- Detecting CXX compiler ABI info
[1.054s] -- Detecting CXX compiler ABI info - done
[1.098s] -- Check for working CXX compiler: /usr/bin/c++ - skipped
[1.098s] -- Detecting CXX compile features
[1.100s] -- Detecting CXX compile features - done
[1.111s] -- Found ament_cmake: 2.5.4 (/opt/ros/jazzy/share/ament_cmake/cmake)
[1.561s] -- Found Python3: /usr/bin/python3 (found version "3.12.3") found components: Interpreter 
[2.184s] -- Configuring done (2.1s)
[2.191s] -- Generating done (0.0s)
[2.196s] -- Build files have been written to: /home/mohamed/ros2_ws/build/my_robot_bringup
[2.214s] Invoked command in '/home/mohamed/ros2_ws/build/my_robot_bringup' returned '0': CMAKE_PREFIX_PATH=${CMAKE_PREFIX_PATH}:/opt/ros/jazzy DEBUGINFOD_URLS=https://debuginfod.ubuntu.com /usr/bin/cmake /home/mohamed/ros2_ws/src/my_robot_bringup -DCMAKE_INSTALL_PREFIX=/home/mohamed/ros2_ws/install/my_robot_bringup
[2.216s] Invoking command in '/home/mohamed/ros2_ws/build/my_robot_bringup': CMAKE_PREFIX_PATH=${CMAKE_PREFIX_PATH}:/opt/ros/jazzy DEBUGINFOD_URLS=https://debuginfod.ubuntu.com /usr/bin/cmake --build /home/mohamed/ros2_ws/build/my_robot_bringup -- -j16 -l16
[2.338s] Invoked command in '/home/mohamed/ros2_ws/build/my_robot_bringup' returned '0': CMAKE_PREFIX_PATH=${CMAKE_PREFIX_PATH}:/opt/ros/jazzy DEBUGINFOD_URLS=https://debuginfod.ubuntu.com /usr/bin/cmake --build /home/mohamed/ros2_ws/build/my_robot_bringup -- -j16 -l16
[2.340s] Invoking command in '/home/mohamed/ros2_ws/build/my_robot_bringup': CMAKE_PREFIX_PATH=${CMAKE_PREFIX_PATH}:/opt/ros/jazzy DEBUGINFOD_URLS=https://debuginfod.ubuntu.com /usr/bin/cmake --install /home/mohamed/ros2_ws/build/my_robot_bringup
[2.365s] -- Install configuration: ""
[2.365s] -- Installing: /home/mohamed/ros2_ws/install/my_robot_bringup/share/my_robot_bringup/launch
[2.365s] -- Installing: /home/mohamed/ros2_ws/install/my_robot_bringup/share/my_robot_bringup/launch/my_robot_gazebo.launch.xml
[2.366s] -- Installing: /home/mohamed/ros2_ws/install/my_robot_bringup/share/my_robot_bringup/config
[2.366s] -- Installing: /home/mohamed/ros2_ws/install/my_robot_bringup/share/my_robot_bringup/config/gazebo_bridge.yaml
[2.366s] -- Installing: /home/mohamed/ros2_ws/install/my_robot_bringup/share/ament_index/resource_index/package_run_dependencies/my_robot_bringup
[2.366s] -- Installing: /home/mohamed/ros2_ws/install/my_robot_bringup/share/ament_index/resource_index/parent_prefix_path/my_robot_bringup
[2.367s] -- Installing: /home/mohamed/ros2_ws/install/my_robot_bringup/share/my_robot_bringup/environment/ament_prefix_path.sh
[2.367s] -- Installing: /home/mohamed/ros2_ws/install/my_robot_bringup/share/my_robot_bringup/environment/ament_prefix_path.dsv
[2.367s] -- Installing: /home/mohamed/ros2_ws/install/my_robot_bringup/share/my_robot_bringup/environment/path.sh
[2.368s] -- Installing: /home/mohamed/ros2_ws/install/my_robot_bringup/share/my_robot_bringup/environment/path.dsv
[2.368s] -- Installing: /home/mohamed/ros2_ws/install/my_robot_bringup/share/my_robot_bringup/local_setup.bash
[2.368s] -- Installing: /home/mohamed/ros2_ws/install/my_robot_bringup/share/my_robot_bringup/local_setup.sh
[2.368s] -- Installing: /home/mohamed/ros2_ws/install/my_robot_bringup/share/my_robot_bringup/local_setup.zsh
[2.369s] -- Installing: /home/mohamed/ros2_ws/install/my_robot_bringup/share/my_robot_bringup/local_setup.dsv
[2.369s] -- Installing: /home/mohamed/ros2_ws/install/my_robot_bringup/share/my_robot_bringup/package.dsv
[2.369s] -- Installing: /home/mohamed/ros2_ws/install/my_robot_bringup/share/ament_index/resource_index/packages/my_robot_bringup
[2.369s] -- Installing: /home/mohamed/ros2_ws/install/my_robot_bringup/share/my_robot_bringup/cmake/my_robot_bringupConfig.cmake
[2.370s] -- Installing: /home/mohamed/ros2_ws/install/my_robot_bringup/share/my_robot_bringup/cmake/my_robot_bringupConfig-version.cmake
[2.370s] -- Installing: /home/mohamed/ros2_ws/install/my_robot_bringup/share/my_robot_bringup/package.xml
[2.413s] Invoked command in '/home/mohamed/ros2_ws/build/my_robot_bringup' returned '0': CMAKE_PREFIX_PATH=${CMAKE_PREFIX_PATH}:/opt/ros/jazzy DEBUGINFOD_URLS=https://debuginfod.ubuntu.com /usr/bin/cmake --install /home/mohamed/ros2_ws/build/my_robot_bringup
