[0.068s] Invoking command in '/home/mohamed/ros2_ws2/build/my_robot_description': CMAKE_PREFIX_PATH=${CMAKE_PREFIX_PATH}:/home/mohamed/ros2_final_project/install/final_project:/home/mohamed/ros2_ws/install/my_py_pkg:/home/mohamed/ros2_ws/install/activity_4:/home/mohamed/ros2_ws/install/final_project:/home/mohamed/ros2_ws/install/activity_2:/opt/ros/jazzy DEBUGINFOD_URLS=https://debuginfod.ubuntu.com /usr/bin/cmake --build /home/mohamed/ros2_ws2/build/my_robot_description -- -j7 -l7
[0.292s] Invoked command in '/home/mohamed/ros2_ws2/build/my_robot_description' returned '0': CMAKE_PREFIX_PATH=${CMAKE_PREFIX_PATH}:/home/mohamed/ros2_final_project/install/final_project:/home/mohamed/ros2_ws/install/my_py_pkg:/home/mohamed/ros2_ws/install/activity_4:/home/mohamed/ros2_ws/install/final_project:/home/mohamed/ros2_ws/install/activity_2:/opt/ros/jazzy DEBUGINFOD_URLS=https://debuginfod.ubuntu.com /usr/bin/cmake --build /home/mohamed/ros2_ws2/build/my_robot_description -- -j7 -l7
[0.350s] Invoking command in '/home/mohamed/ros2_ws2/build/my_robot_description': CMAKE_PREFIX_PATH=${CMAKE_PREFIX_PATH}:/home/mohamed/ros2_final_project/install/final_project:/home/mohamed/ros2_ws/install/my_py_pkg:/home/mohamed/ros2_ws/install/activity_4:/home/mohamed/ros2_ws/install/final_project:/home/mohamed/ros2_ws/install/activity_2:/opt/ros/jazzy DEBUGINFOD_URLS=https://debuginfod.ubuntu.com /usr/bin/cmake --install /home/mohamed/ros2_ws2/build/my_robot_description
[0.372s] -- Install configuration: ""
[0.376s] -- Execute custom install script
[0.382s] -- Up-to-date symlink: /home/mohamed/ros2_ws2/install/my_robot_description/share/my_robot_description//urdf/common_properties.xacro
[0.384s] -- Up-to-date symlink: /home/mohamed/ros2_ws2/install/my_robot_description/share/my_robot_description//urdf/mobile_base.xacro
[0.385s] -- Up-to-date symlink: /home/mohamed/ros2_ws2/install/my_robot_description/share/my_robot_description//urdf/my_robot.urdf.xacro
[0.387s] -- Up-to-date symlink: /home/mohamed/ros2_ws2/install/my_robot_description/share/my_robot_description//launch/display.launch.xml
[0.388s] -- Up-to-date symlink: /home/mohamed/ros2_ws2/install/my_robot_description/share/ament_index/resource_index/package_run_dependencies/my_robot_description
[0.390s] -- Up-to-date symlink: /home/mohamed/ros2_ws2/install/my_robot_description/share/ament_index/resource_index/parent_prefix_path/my_robot_description
[0.392s] -- Up-to-date symlink: /home/mohamed/ros2_ws2/install/my_robot_description/share/my_robot_description/environment/ament_prefix_path.sh
[0.393s] -- Up-to-date symlink: /home/mohamed/ros2_ws2/install/my_robot_description/share/my_robot_description/environment/ament_prefix_path.dsv
[0.394s] -- Up-to-date symlink: /home/mohamed/ros2_ws2/install/my_robot_description/share/my_robot_description/environment/path.sh
[0.395s] -- Up-to-date symlink: /home/mohamed/ros2_ws2/install/my_robot_description/share/my_robot_description/environment/path.dsv
[0.396s] -- Up-to-date symlink: /home/mohamed/ros2_ws2/install/my_robot_description/share/my_robot_description/local_setup.bash
[0.398s] -- Up-to-date symlink: /home/mohamed/ros2_ws2/install/my_robot_description/share/my_robot_description/local_setup.sh
[0.399s] -- Up-to-date symlink: /home/mohamed/ros2_ws2/install/my_robot_description/share/my_robot_description/local_setup.zsh
[0.399s] -- Up-to-date symlink: /home/mohamed/ros2_ws2/install/my_robot_description/share/my_robot_description/local_setup.dsv
[0.400s] -- Symlinking: /home/mohamed/ros2_ws2/install/my_robot_description/share/my_robot_description/package.dsv
[0.424s] -- Up-to-date symlink: /home/mohamed/ros2_ws2/install/my_robot_description/share/ament_index/resource_index/packages/my_robot_description
[0.427s] -- Up-to-date symlink: /home/mohamed/ros2_ws2/install/my_robot_description/share/my_robot_description/cmake/my_robot_descriptionConfig.cmake
[0.432s] -- Up-to-date symlink: /home/mohamed/ros2_ws2/install/my_robot_description/share/my_robot_description/cmake/my_robot_descriptionConfig-version.cmake
[0.432s] -- Up-to-date symlink: /home/mohamed/ros2_ws2/install/my_robot_description/share/my_robot_description/package.xml
[0.436s] Invoked command in '/home/mohamed/ros2_ws2/build/my_robot_description' returned '0': CMAKE_PREFIX_PATH=${CMAKE_PREFIX_PATH}:/home/mohamed/ros2_final_project/install/final_project:/home/mohamed/ros2_ws/install/my_py_pkg:/home/mohamed/ros2_ws/install/activity_4:/home/mohamed/ros2_ws/install/final_project:/home/mohamed/ros2_ws/install/activity_2:/opt/ros/jazzy DEBUGINFOD_URLS=https://debuginfod.ubuntu.com /usr/bin/cmake --install /home/mohamed/ros2_ws2/build/my_robot_description
