[0.020s] Invoking command in '/home/mohamed/ros2_ws2/build/my_robot_description': CMAKE_PREFIX_PATH=${CMAKE_PREFIX_PATH}:/home/mohamed/ros2_final_project/install/final_project:/home/mohamed/ros2_ws/install/my_py_pkg:/home/mohamed/ros2_ws/install/activity_4:/home/mohamed/ros2_ws/install/final_project:/home/mohamed/ros2_ws/install/activity_2:/opt/ros/jazzy DEBUGINFOD_URLS=https://debuginfod.ubuntu.com /usr/bin/cmake --build /home/mohamed/ros2_ws2/build/my_robot_description -- -j7 -l7
[0.071s] Invoked command in '/home/mohamed/ros2_ws2/build/my_robot_description' returned '0': CMAKE_PREFIX_PATH=${CMAKE_PREFIX_PATH}:/home/mohamed/ros2_final_project/install/final_project:/home/mohamed/ros2_ws/install/my_py_pkg:/home/mohamed/ros2_ws/install/activity_4:/home/mohamed/ros2_ws/install/final_project:/home/mohamed/ros2_ws/install/activity_2:/opt/ros/jazzy DEBUGINFOD_URLS=https://debuginfod.ubuntu.com /usr/bin/cmake --build /home/mohamed/ros2_ws2/build/my_robot_description -- -j7 -l7
[0.083s] Invoking command in '/home/mohamed/ros2_ws2/build/my_robot_description': CMAKE_PREFIX_PATH=${CMAKE_PREFIX_PATH}:/home/mohamed/ros2_final_project/install/final_project:/home/mohamed/ros2_ws/install/my_py_pkg:/home/mohamed/ros2_ws/install/activity_4:/home/mohamed/ros2_ws/install/final_project:/home/mohamed/ros2_ws/install/activity_2:/opt/ros/jazzy DEBUGINFOD_URLS=https://debuginfod.ubuntu.com /usr/bin/cmake --install /home/mohamed/ros2_ws2/build/my_robot_description
[0.095s] -- Install configuration: ""
[0.096s] -- Up-to-date: /home/mohamed/ros2_ws2/install/my_robot_description/share/my_robot_description//urdf
[0.097s] -- Up-to-date: /home/mohamed/ros2_ws2/install/my_robot_description/share/my_robot_description//urdf/my_robot.urdf
[0.097s] -- Up-to-date: /home/mohamed/ros2_ws2/install/my_robot_description/share/my_robot_description//launch
[0.100s] -- Installing: /home/mohamed/ros2_ws2/install/my_robot_description/share/my_robot_description//launch/display.launch.xml
[0.100s] -- Up-to-date: /home/mohamed/ros2_ws2/install/my_robot_description/share/ament_index/resource_index/package_run_dependencies/my_robot_description
[0.101s] -- Up-to-date: /home/mohamed/ros2_ws2/install/my_robot_description/share/ament_index/resource_index/parent_prefix_path/my_robot_description
[0.101s] -- Up-to-date: /home/mohamed/ros2_ws2/install/my_robot_description/share/my_robot_description/environment/ament_prefix_path.sh
[0.101s] -- Up-to-date: /home/mohamed/ros2_ws2/install/my_robot_description/share/my_robot_description/environment/ament_prefix_path.dsv
[0.102s] -- Up-to-date: /home/mohamed/ros2_ws2/install/my_robot_description/share/my_robot_description/environment/path.sh
[0.102s] -- Up-to-date: /home/mohamed/ros2_ws2/install/my_robot_description/share/my_robot_description/environment/path.dsv
[0.103s] -- Up-to-date: /home/mohamed/ros2_ws2/install/my_robot_description/share/my_robot_description/local_setup.bash
[0.103s] -- Up-to-date: /home/mohamed/ros2_ws2/install/my_robot_description/share/my_robot_description/local_setup.sh
[0.103s] -- Up-to-date: /home/mohamed/ros2_ws2/install/my_robot_description/share/my_robot_description/local_setup.zsh
[0.104s] -- Up-to-date: /home/mohamed/ros2_ws2/install/my_robot_description/share/my_robot_description/local_setup.dsv
[0.104s] -- Installing: /home/mohamed/ros2_ws2/install/my_robot_description/share/my_robot_description/package.dsv
[0.104s] -- Up-to-date: /home/mohamed/ros2_ws2/install/my_robot_description/share/ament_index/resource_index/packages/my_robot_description
[0.104s] -- Up-to-date: /home/mohamed/ros2_ws2/install/my_robot_description/share/my_robot_description/cmake/my_robot_descriptionConfig.cmake
[0.104s] -- Up-to-date: /home/mohamed/ros2_ws2/install/my_robot_description/share/my_robot_description/cmake/my_robot_descriptionConfig-version.cmake
[0.106s] -- Up-to-date: /home/mohamed/ros2_ws2/install/my_robot_description/share/my_robot_description/package.xml
[0.106s] Invoked command in '/home/mohamed/ros2_ws2/build/my_robot_description' returned '0': CMAKE_PREFIX_PATH=${CMAKE_PREFIX_PATH}:/home/mohamed/ros2_final_project/install/final_project:/home/mohamed/ros2_ws/install/my_py_pkg:/home/mohamed/ros2_ws/install/activity_4:/home/mohamed/ros2_ws/install/final_project:/home/mohamed/ros2_ws/install/activity_2:/opt/ros/jazzy DEBUGINFOD_URLS=https://debuginfod.ubuntu.com /usr/bin/cmake --install /home/mohamed/ros2_ws2/build/my_robot_description
