[0.030s] Invoking command in '/home/mohamed/ros2_ws/build/my_robot_description': CMAKE_PREFIX_PATH=${CMAKE_PREFIX_PATH}:/opt/ros/jazzy DEBUGINFOD_URLS=https://debuginfod.ubuntu.com /usr/bin/cmake --build /home/mohamed/ros2_ws/build/my_robot_description -- -j16 -l16
[0.090s] -- Found ament_cmake: 2.5.4 (/opt/ros/jazzy/share/ament_cmake/cmake)
[0.944s] -- Configuring done (0.9s)
[0.952s] -- Generating done (0.0s)
[0.956s] -- Build files have been written to: /home/mohamed/ros2_ws/build/my_robot_description
[1.012s] Invoked command in '/home/mohamed/ros2_ws/build/my_robot_description' returned '0': CMAKE_PREFIX_PATH=${CMAKE_PREFIX_PATH}:/opt/ros/jazzy DEBUGINFOD_URLS=https://debuginfod.ubuntu.com /usr/bin/cmake --build /home/mohamed/ros2_ws/build/my_robot_description -- -j16 -l16
[1.014s] Invoking command in '/home/mohamed/ros2_ws/build/my_robot_description': CMAKE_PREFIX_PATH=${CMAKE_PREFIX_PATH}:/opt/ros/jazzy DEBUGINFOD_URLS=https://debuginfod.ubuntu.com /usr/bin/cmake --install /home/mohamed/ros2_ws/build/my_robot_description
[1.034s] -- Install configuration: ""
[1.035s] -- Up-to-date: /home/mohamed/ros2_ws/install/my_robot_description/share/my_robot_description//urdf
[1.035s] -- Up-to-date: /home/mohamed/ros2_ws/install/my_robot_description/share/my_robot_description//urdf/mobile_base_gz.xarco
[1.035s] -- Up-to-date: /home/mohamed/ros2_ws/install/my_robot_description/share/my_robot_description//urdf/common_properties.xacro
[1.035s] -- Up-to-date: /home/mohamed/ros2_ws/install/my_robot_description/share/my_robot_description//urdf/my_robot.urdf.xacro
[1.036s] -- Up-to-date: /home/mohamed/ros2_ws/install/my_robot_description/share/my_robot_description//urdf/mobile_base.xacro
[1.036s] -- Up-to-date: /home/mohamed/ros2_ws/install/my_robot_description/share/my_robot_description//launch
[1.036s] -- Up-to-date: /home/mohamed/ros2_ws/install/my_robot_description/share/my_robot_description//launch/display.launch.xml
[1.036s] -- Installing: /home/mohamed/ros2_ws/install/my_robot_description/share/ament_index/resource_index/package_run_dependencies/my_robot_description
[1.037s] -- Installing: /home/mohamed/ros2_ws/install/my_robot_description/share/ament_index/resource_index/parent_prefix_path/my_robot_description
[1.037s] -- Up-to-date: /home/mohamed/ros2_ws/install/my_robot_description/share/my_robot_description/environment/ament_prefix_path.sh
[1.037s] -- Up-to-date: /home/mohamed/ros2_ws/install/my_robot_description/share/my_robot_description/environment/ament_prefix_path.dsv
[1.037s] -- Up-to-date: /home/mohamed/ros2_ws/install/my_robot_description/share/my_robot_description/environment/path.sh
[1.037s] -- Up-to-date: /home/mohamed/ros2_ws/install/my_robot_description/share/my_robot_description/environment/path.dsv
[1.038s] -- Up-to-date: /home/mohamed/ros2_ws/install/my_robot_description/share/my_robot_description/local_setup.bash
[1.038s] -- Up-to-date: /home/mohamed/ros2_ws/install/my_robot_description/share/my_robot_description/local_setup.sh
[1.038s] -- Up-to-date: /home/mohamed/ros2_ws/install/my_robot_description/share/my_robot_description/local_setup.zsh
[1.038s] -- Up-to-date: /home/mohamed/ros2_ws/install/my_robot_description/share/my_robot_description/local_setup.dsv
[1.038s] -- Installing: /home/mohamed/ros2_ws/install/my_robot_description/share/my_robot_description/package.dsv
[1.039s] -- Up-to-date: /home/mohamed/ros2_ws/install/my_robot_description/share/ament_index/resource_index/packages/my_robot_description
[1.039s] -- Up-to-date: /home/mohamed/ros2_ws/install/my_robot_description/share/my_robot_description/cmake/my_robot_descriptionConfig.cmake
[1.039s] -- Up-to-date: /home/mohamed/ros2_ws/install/my_robot_description/share/my_robot_description/cmake/my_robot_descriptionConfig-version.cmake
[1.039s] -- Installing: /home/mohamed/ros2_ws/install/my_robot_description/share/my_robot_description/package.xml
[1.042s] Invoked command in '/home/mohamed/ros2_ws/build/my_robot_description' returned '0': CMAKE_PREFIX_PATH=${CMAKE_PREFIX_PATH}:/opt/ros/jazzy DEBUGINFOD_URLS=https://debuginfod.ubuntu.com /usr/bin/cmake --install /home/mohamed/ros2_ws/build/my_robot_description
