[0.030s] Invoking command in '/home/mohamed/ros2_ws/build/my_robot_bringup': CMAKE_PREFIX_PATH=${CMAKE_PREFIX_PATH}:/opt/ros/jazzy DEBUGINFOD_URLS=https://debuginfod.ubuntu.com /usr/bin/cmake /home/mohamed/ros2_ws/src/my_robot_bringup -DAMENT_CMAKE_SYMLINK_INSTALL=1 -DCMAKE_INSTALL_PREFIX=/home/mohamed/ros2_ws/install/my_robot_bringup
[0.097s] -- Found ament_cmake: 2.5.4 (/opt/ros/jazzy/share/ament_cmake/cmake)
[0.545s] -- Override CMake install command with custom implementation using symlinks instead of copying resources
[0.767s] -- Configuring done (0.7s)
[0.777s] -- Generating done (0.0s)
[0.781s] -- Build files have been written to: /home/mohamed/ros2_ws/build/my_robot_bringup
[0.787s] Invoked command in '/home/mohamed/ros2_ws/build/my_robot_bringup' returned '0': CMAKE_PREFIX_PATH=${CMAKE_PREFIX_PATH}:/opt/ros/jazzy DEBUGINFOD_URLS=https://debuginfod.ubuntu.com /usr/bin/cmake /home/mohamed/ros2_ws/src/my_robot_bringup -DAMENT_CMAKE_SYMLINK_INSTALL=1 -DCMAKE_INSTALL_PREFIX=/home/mohamed/ros2_ws/install/my_robot_bringup
[0.790s] Invoking command in '/home/mohamed/ros2_ws/build/my_robot_bringup': CMAKE_PREFIX_PATH=${CMAKE_PREFIX_PATH}:/opt/ros/jazzy DEBUGINFOD_URLS=https://debuginfod.ubuntu.com /usr/bin/cmake --build /home/mohamed/ros2_ws/build/my_robot_bringup -- -j16 -l16
[0.863s] Invoked command in '/home/mohamed/ros2_ws/build/my_robot_bringup' returned '0': CMAKE_PREFIX_PATH=${CMAKE_PREFIX_PATH}:/opt/ros/jazzy DEBUGINFOD_URLS=https://debuginfod.ubuntu.com /usr/bin/cmake --build /home/mohamed/ros2_ws/build/my_robot_bringup -- -j16 -l16
[0.880s] Invoking command in '/home/mohamed/ros2_ws/build/my_robot_bringup': CMAKE_PREFIX_PATH=${CMAKE_PREFIX_PATH}:/opt/ros/jazzy DEBUGINFOD_URLS=https://debuginfod.ubuntu.com /usr/bin/cmake --install /home/mohamed/ros2_ws/build/my_robot_bringup
[0.894s] -- Install configuration: ""
[0.895s] -- Execute custom install script
[0.897s] -- Up-to-date symlink: /home/mohamed/ros2_ws/install/my_robot_bringup/share/my_robot_bringup/launch/my_robot_gazebo.launch.xml
[0.897s] -- Up-to-date symlink: /home/mohamed/ros2_ws/install/my_robot_bringup/share/my_robot_bringup/config/gazebo_bridge.yaml
[0.898s] -- Up-to-date symlink: /home/mohamed/ros2_ws/install/my_robot_bringup/share/my_robot_bringup/worlds/my_gazebo_world.sdf
[0.899s] -- Up-to-date symlink: /home/mohamed/ros2_ws/install/my_robot_bringup/share/ament_index/resource_index/package_run_dependencies/my_robot_bringup
[0.899s] -- Up-to-date symlink: /home/mohamed/ros2_ws/install/my_robot_bringup/share/ament_index/resource_index/parent_prefix_path/my_robot_bringup
[0.899s] -- Up-to-date symlink: /home/mohamed/ros2_ws/install/my_robot_bringup/share/my_robot_bringup/environment/ament_prefix_path.sh
[0.900s] -- Up-to-date symlink: /home/mohamed/ros2_ws/install/my_robot_bringup/share/my_robot_bringup/environment/ament_prefix_path.dsv
[0.900s] -- Up-to-date symlink: /home/mohamed/ros2_ws/install/my_robot_bringup/share/my_robot_bringup/environment/path.sh
[0.901s] -- Up-to-date symlink: /home/mohamed/ros2_ws/install/my_robot_bringup/share/my_robot_bringup/environment/path.dsv
[0.901s] -- Up-to-date symlink: /home/mohamed/ros2_ws/install/my_robot_bringup/share/my_robot_bringup/local_setup.bash
[0.901s] -- Up-to-date symlink: /home/mohamed/ros2_ws/install/my_robot_bringup/share/my_robot_bringup/local_setup.sh
[0.902s] -- Up-to-date symlink: /home/mohamed/ros2_ws/install/my_robot_bringup/share/my_robot_bringup/local_setup.zsh
[0.903s] -- Up-to-date symlink: /home/mohamed/ros2_ws/install/my_robot_bringup/share/my_robot_bringup/local_setup.dsv
[0.904s] -- Symlinking: /home/mohamed/ros2_ws/install/my_robot_bringup/share/my_robot_bringup/package.dsv
[0.920s] -- Up-to-date symlink: /home/mohamed/ros2_ws/install/my_robot_bringup/share/ament_index/resource_index/packages/my_robot_bringup
[0.921s] -- Up-to-date symlink: /home/mohamed/ros2_ws/install/my_robot_bringup/share/my_robot_bringup/cmake/my_robot_bringupConfig.cmake
[0.922s] -- Up-to-date symlink: /home/mohamed/ros2_ws/install/my_robot_bringup/share/my_robot_bringup/cmake/my_robot_bringupConfig-version.cmake
[0.922s] -- Up-to-date symlink: /home/mohamed/ros2_ws/install/my_robot_bringup/share/my_robot_bringup/package.xml
[0.926s] Invoked command in '/home/mohamed/ros2_ws/build/my_robot_bringup' returned '0': CMAKE_PREFIX_PATH=${CMAKE_PREFIX_PATH}:/opt/ros/jazzy DEBUGINFOD_URLS=https://debuginfod.ubuntu.com /usr/bin/cmake --install /home/mohamed/ros2_ws/build/my_robot_bringup
