[0.029s] Invoking command in '/home/mohamed/ros2_ws/build/my_robot_bringup': CMAKE_PREFIX_PATH=${CMAKE_PREFIX_PATH}:/opt/ros/jazzy DEBUGINFOD_URLS=https://debuginfod.ubuntu.com /usr/bin/cmake /home/mohamed/ros2_ws/src/my_robot_bringup -DCMAKE_INSTALL_PREFIX=/home/mohamed/ros2_ws/install/my_robot_bringup
[0.091s] -- Found ament_cmake: 2.5.4 (/opt/ros/jazzy/share/ament_cmake/cmake)
[0.581s] -- Override CMake install command with custom implementation using symlinks instead of copying resources
[0.814s] -- Configuring done (0.7s)
[0.823s] -- Generating done (0.0s)
[0.827s] -- Build files have been written to: /home/mohamed/ros2_ws/build/my_robot_bringup
[0.837s] Invoked command in '/home/mohamed/ros2_ws/build/my_robot_bringup' returned '0': CMAKE_PREFIX_PATH=${CMAKE_PREFIX_PATH}:/opt/ros/jazzy DEBUGINFOD_URLS=https://debuginfod.ubuntu.com /usr/bin/cmake /home/mohamed/ros2_ws/src/my_robot_bringup -DCMAKE_INSTALL_PREFIX=/home/mohamed/ros2_ws/install/my_robot_bringup
[0.839s] Invoking command in '/home/mohamed/ros2_ws/build/my_robot_bringup': CMAKE_PREFIX_PATH=${CMAKE_PREFIX_PATH}:/opt/ros/jazzy DEBUGINFOD_URLS=https://debuginfod.ubuntu.com /usr/bin/cmake --build /home/mohamed/ros2_ws/build/my_robot_bringup -- -j16 -l16
[0.934s] Invoked command in '/home/mohamed/ros2_ws/build/my_robot_bringup' returned '0': CMAKE_PREFIX_PATH=${CMAKE_PREFIX_PATH}:/opt/ros/jazzy DEBUGINFOD_URLS=https://debuginfod.ubuntu.com /usr/bin/cmake --build /home/mohamed/ros2_ws/build/my_robot_bringup -- -j16 -l16
[0.937s] Invoking command in '/home/mohamed/ros2_ws/build/my_robot_bringup': CMAKE_PREFIX_PATH=${CMAKE_PREFIX_PATH}:/opt/ros/jazzy DEBUGINFOD_URLS=https://debuginfod.ubuntu.com /usr/bin/cmake --install /home/mohamed/ros2_ws/build/my_robot_bringup
[0.954s] -- Install configuration: ""
[0.956s] -- Execute custom install script
[0.957s] -- Up-to-date symlink: /home/mohamed/ros2_ws/install/my_robot_bringup/share/my_robot_bringup/launch/my_robot_gazebo.launch.xml
[0.958s] -- Up-to-date symlink: /home/mohamed/ros2_ws/install/my_robot_bringup/share/my_robot_bringup/config/gazebo_bridge.yaml
[0.958s] -- Up-to-date symlink: /home/mohamed/ros2_ws/install/my_robot_bringup/share/my_robot_bringup/worlds/my_gazebo_world.sdf
[0.958s] -- Up-to-date symlink: /home/mohamed/ros2_ws/install/my_robot_bringup/share/ament_index/resource_index/package_run_dependencies/my_robot_bringup
[0.959s] -- Up-to-date symlink: /home/mohamed/ros2_ws/install/my_robot_bringup/share/ament_index/resource_index/parent_prefix_path/my_robot_bringup
[0.959s] -- Up-to-date symlink: /home/mohamed/ros2_ws/install/my_robot_bringup/share/my_robot_bringup/environment/ament_prefix_path.sh
[0.959s] -- Up-to-date symlink: /home/mohamed/ros2_ws/install/my_robot_bringup/share/my_robot_bringup/environment/ament_prefix_path.dsv
[0.960s] -- Up-to-date symlink: /home/mohamed/ros2_ws/install/my_robot_bringup/share/my_robot_bringup/environment/path.sh
[0.960s] -- Up-to-date symlink: /home/mohamed/ros2_ws/install/my_robot_bringup/share/my_robot_bringup/environment/path.dsv
[0.960s] -- Up-to-date symlink: /home/mohamed/ros2_ws/install/my_robot_bringup/share/my_robot_bringup/local_setup.bash
[0.961s] -- Up-to-date symlink: /home/mohamed/ros2_ws/install/my_robot_bringup/share/my_robot_bringup/local_setup.sh
[0.961s] -- Up-to-date symlink: /home/mohamed/ros2_ws/install/my_robot_bringup/share/my_robot_bringup/local_setup.zsh
[0.961s] -- Up-to-date symlink: /home/mohamed/ros2_ws/install/my_robot_bringup/share/my_robot_bringup/local_setup.dsv
[0.961s] -- Symlinking: /home/mohamed/ros2_ws/install/my_robot_bringup/share/my_robot_bringup/package.dsv
[0.980s] -- Up-to-date symlink: /home/mohamed/ros2_ws/install/my_robot_bringup/share/ament_index/resource_index/packages/my_robot_bringup
[0.981s] -- Up-to-date symlink: /home/mohamed/ros2_ws/install/my_robot_bringup/share/my_robot_bringup/cmake/my_robot_bringupConfig.cmake
[0.981s] -- Up-to-date symlink: /home/mohamed/ros2_ws/install/my_robot_bringup/share/my_robot_bringup/cmake/my_robot_bringupConfig-version.cmake
[0.981s] -- Up-to-date symlink: /home/mohamed/ros2_ws/install/my_robot_bringup/share/my_robot_bringup/package.xml
[1.021s] Invoked command in '/home/mohamed/ros2_ws/build/my_robot_bringup' returned '0': CMAKE_PREFIX_PATH=${CMAKE_PREFIX_PATH}:/opt/ros/jazzy DEBUGINFOD_URLS=https://debuginfod.ubuntu.com /usr/bin/cmake --install /home/mohamed/ros2_ws/build/my_robot_bringup
