[0.219s] DEBUG:colcon:Command line arguments: ['/usr/bin/colcon', 'build']
[0.219s] DEBUG:colcon:Parsed command line arguments: Namespace(log_base=None, log_level=None, verb_name='build', build_base='build', install_base='install', merge_install=False, symlink_install=False, test_result_base=None, continue_on_error=False, executor='parallel', parallel_workers=16, event_handlers=None, ignore_user_meta=False, metas=['./colcon.meta'], base_paths=['.'], packages_ignore=None, packages_ignore_regex=None, paths=None, packages_up_to=None, packages_up_to_regex=None, packages_above=None, packages_above_and_dependencies=None, packages_above_depth=None, packages_select_by_dep=None, packages_skip_by_dep=None, packages_skip_up_to=None, packages_select_build_failed=False, packages_skip_build_finished=False, packages_select_test_failures=False, packages_skip_test_passed=False, packages_select=None, packages_skip=None, packages_select_regex=None, packages_skip_regex=None, packages_start=None, packages_end=None, allow_overriding=[], cmake_args=None, cmake_target=None, cmake_target_skip_unavailable=False, cmake_clean_cache=False, cmake_clean_first=False, cmake_force_configure=False, ament_cmake_args=None, catkin_cmake_args=None, catkin_skip_building_tests=False, mixin_files=None, mixin=None, verb_parser=<colcon_mixin.mixin.mixin_argument.MixinArgumentDecorator object at 0x7258757a0110>, verb_extension=<colcon_core.verb.build.BuildVerb object at 0x7258758ef890>, main=<bound method BuildVerb.main of <colcon_core.verb.build.BuildVerb object at 0x7258758ef890>>, mixin_verb=('build',))
[0.298s] Level 1:colcon.colcon_core.package_discovery:discover_packages(colcon_meta) check parameters
[0.299s] Level 1:colcon.colcon_core.package_discovery:discover_packages(recursive) check parameters
[0.299s] Level 1:colcon.colcon_core.package_discovery:discover_packages(ignore) check parameters
[0.299s] Level 1:colcon.colcon_core.package_discovery:discover_packages(path) check parameters
[0.299s] Level 1:colcon.colcon_core.package_discovery:discover_packages(colcon_meta) discover
[0.299s] Level 1:colcon.colcon_core.package_discovery:discover_packages(recursive) discover
[0.299s] INFO:colcon.colcon_core.package_discovery:Crawling recursively for packages in '/home/mohamed/ros2_ws'
[0.299s] Level 1:colcon.colcon_core.package_identification:_identify(.) by extensions ['ignore', 'ignore_ament_install']
[0.299s] Level 1:colcon.colcon_core.package_identification:_identify(.) by extension 'ignore'
[0.300s] Level 1:colcon.colcon_core.package_identification:_identify(.) by extension 'ignore_ament_install'
[0.300s] Level 1:colcon.colcon_core.package_identification:_identify(.) by extensions ['colcon_pkg']
[0.300s] Level 1:colcon.colcon_core.package_identification:_identify(.) by extension 'colcon_pkg'
[0.300s] Level 1:colcon.colcon_core.package_identification:_identify(.) by extensions ['colcon_meta']
[0.300s] Level 1:colcon.colcon_core.package_identification:_identify(.) by extension 'colcon_meta'
[0.300s] Level 1:colcon.colcon_core.package_identification:_identify(.) by extensions ['ros']
[0.300s] Level 1:colcon.colcon_core.package_identification:_identify(.) by extension 'ros'
[0.355s] Level 1:colcon.colcon_core.package_identification:_identify(.) by extensions ['cmake', 'python']
[0.355s] Level 1:colcon.colcon_core.package_identification:_identify(.) by extension 'cmake'
[0.355s] Level 1:colcon.colcon_core.package_identification:_identify(.) by extension 'python'
[0.355s] Level 1:colcon.colcon_core.package_identification:_identify(.) by extensions ['python_setup_py']
[0.355s] Level 1:colcon.colcon_core.package_identification:_identify(.) by extension 'python_setup_py'
[0.355s] Level 1:colcon.colcon_core.package_identification:_identify(build) by extensions ['ignore', 'ignore_ament_install']
[0.356s] Level 1:colcon.colcon_core.package_identification:_identify(build) by extension 'ignore'
[0.356s] Level 1:colcon.colcon_core.package_identification:_identify(build) ignored
[0.356s] Level 1:colcon.colcon_core.package_identification:_identify(install) by extensions ['ignore', 'ignore_ament_install']
[0.356s] Level 1:colcon.colcon_core.package_identification:_identify(install) by extension 'ignore'
[0.356s] Level 1:colcon.colcon_core.package_identification:_identify(install) ignored
[0.357s] Level 1:colcon.colcon_core.package_identification:_identify(log) by extensions ['ignore', 'ignore_ament_install']
[0.357s] Level 1:colcon.colcon_core.package_identification:_identify(log) by extension 'ignore'
[0.357s] Level 1:colcon.colcon_core.package_identification:_identify(log) ignored
[0.357s] Level 1:colcon.colcon_core.package_identification:_identify(src) by extensions ['ignore', 'ignore_ament_install']
[0.357s] Level 1:colcon.colcon_core.package_identification:_identify(src) by extension 'ignore'
[0.357s] Level 1:colcon.colcon_core.package_identification:_identify(src) by extension 'ignore_ament_install'
[0.357s] Level 1:colcon.colcon_core.package_identification:_identify(src) by extensions ['colcon_pkg']
[0.357s] Level 1:colcon.colcon_core.package_identification:_identify(src) by extension 'colcon_pkg'
[0.358s] Level 1:colcon.colcon_core.package_identification:_identify(src) by extensions ['colcon_meta']
[0.358s] Level 1:colcon.colcon_core.package_identification:_identify(src) by extension 'colcon_meta'
[0.358s] Level 1:colcon.colcon_core.package_identification:_identify(src) by extensions ['ros']
[0.358s] Level 1:colcon.colcon_core.package_identification:_identify(src) by extension 'ros'
[0.358s] Level 1:colcon.colcon_core.package_identification:_identify(src) by extensions ['cmake', 'python']
[0.358s] Level 1:colcon.colcon_core.package_identification:_identify(src) by extension 'cmake'
[0.358s] Level 1:colcon.colcon_core.package_identification:_identify(src) by extension 'python'
[0.358s] Level 1:colcon.colcon_core.package_identification:_identify(src) by extensions ['python_setup_py']
[0.358s] Level 1:colcon.colcon_core.package_identification:_identify(src) by extension 'python_setup_py'
[0.358s] Level 1:colcon.colcon_core.package_identification:_identify(src/my_robot_bringup) by extensions ['ignore', 'ignore_ament_install']
[0.359s] Level 1:colcon.colcon_core.package_identification:_identify(src/my_robot_bringup) by extension 'ignore'
[0.359s] Level 1:colcon.colcon_core.package_identification:_identify(src/my_robot_bringup) by extension 'ignore_ament_install'
[0.359s] Level 1:colcon.colcon_core.package_identification:_identify(src/my_robot_bringup) by extensions ['colcon_pkg']
[0.359s] Level 1:colcon.colcon_core.package_identification:_identify(src/my_robot_bringup) by extension 'colcon_pkg'
[0.359s] Level 1:colcon.colcon_core.package_identification:_identify(src/my_robot_bringup) by extensions ['colcon_meta']
[0.359s] Level 1:colcon.colcon_core.package_identification:_identify(src/my_robot_bringup) by extension 'colcon_meta'
[0.359s] Level 1:colcon.colcon_core.package_identification:_identify(src/my_robot_bringup) by extensions ['ros']
[0.359s] Level 1:colcon.colcon_core.package_identification:_identify(src/my_robot_bringup) by extension 'ros'
[0.364s] DEBUG:colcon.colcon_core.package_identification:Package 'src/my_robot_bringup' with type 'ros.ament_cmake' and name 'my_robot_bringup'
[0.364s] Level 1:colcon.colcon_core.package_identification:_identify(src/my_robot_description) by extensions ['ignore', 'ignore_ament_install']
[0.364s] Level 1:colcon.colcon_core.package_identification:_identify(src/my_robot_description) by extension 'ignore'
[0.365s] Level 1:colcon.colcon_core.package_identification:_identify(src/my_robot_description) by extension 'ignore_ament_install'
[0.365s] Level 1:colcon.colcon_core.package_identification:_identify(src/my_robot_description) by extensions ['colcon_pkg']
[0.365s] Level 1:colcon.colcon_core.package_identification:_identify(src/my_robot_description) by extension 'colcon_pkg'
[0.365s] Level 1:colcon.colcon_core.package_identification:_identify(src/my_robot_description) by extensions ['colcon_meta']
[0.365s] Level 1:colcon.colcon_core.package_identification:_identify(src/my_robot_description) by extension 'colcon_meta'
[0.365s] Level 1:colcon.colcon_core.package_identification:_identify(src/my_robot_description) by extensions ['ros']
[0.365s] Level 1:colcon.colcon_core.package_identification:_identify(src/my_robot_description) by extension 'ros'
[0.366s] DEBUG:colcon.colcon_core.package_identification:Package 'src/my_robot_description' with type 'ros.ament_cmake' and name 'my_robot_description'
[0.366s] Level 1:colcon.colcon_core.package_discovery:discover_packages(recursive) using defaults
[0.366s] Level 1:colcon.colcon_core.package_discovery:discover_packages(ignore) discover
[0.366s] Level 1:colcon.colcon_core.package_discovery:discover_packages(ignore) using defaults
[0.366s] Level 1:colcon.colcon_core.package_discovery:discover_packages(path) discover
[0.366s] Level 1:colcon.colcon_core.package_discovery:discover_packages(path) using defaults
[0.404s] Level 1:colcon.colcon_core.package_discovery:discover_packages(prefix_path) check parameters
[0.404s] Level 1:colcon.colcon_core.package_discovery:discover_packages(prefix_path) discover
[0.407s] DEBUG:colcon.colcon_installed_package_information.package_discovery:Found 2 installed packages in /home/mohamed/ros2_ws/install
[0.411s] DEBUG:colcon.colcon_installed_package_information.package_discovery:Found 319 installed packages in /opt/ros/jazzy
[0.414s] Level 1:colcon.colcon_core.package_discovery:discover_packages(prefix_path) using defaults
[0.506s] Level 5:colcon.colcon_core.verb:set package 'my_robot_bringup' build argument 'cmake_args' from command line to 'None'
[0.506s] Level 5:colcon.colcon_core.verb:set package 'my_robot_bringup' build argument 'cmake_target' from command line to 'None'
[0.506s] Level 5:colcon.colcon_core.verb:set package 'my_robot_bringup' build argument 'cmake_target_skip_unavailable' from command line to 'False'
[0.506s] Level 5:colcon.colcon_core.verb:set package 'my_robot_bringup' build argument 'cmake_clean_cache' from command line to 'False'
[0.506s] Level 5:colcon.colcon_core.verb:set package 'my_robot_bringup' build argument 'cmake_clean_first' from command line to 'False'
[0.506s] Level 5:colcon.colcon_core.verb:set package 'my_robot_bringup' build argument 'cmake_force_configure' from command line to 'False'
[0.506s] Level 5:colcon.colcon_core.verb:set package 'my_robot_bringup' build argument 'ament_cmake_args' from command line to 'None'
[0.506s] Level 5:colcon.colcon_core.verb:set package 'my_robot_bringup' build argument 'catkin_cmake_args' from command line to 'None'
[0.506s] Level 5:colcon.colcon_core.verb:set package 'my_robot_bringup' build argument 'catkin_skip_building_tests' from command line to 'False'
[0.506s] DEBUG:colcon.colcon_core.verb:Building package 'my_robot_bringup' with the following arguments: {'ament_cmake_args': None, 'build_base': '/home/mohamed/ros2_ws/build/my_robot_bringup', 'catkin_cmake_args': None, 'catkin_skip_building_tests': False, 'cmake_args': None, 'cmake_clean_cache': False, 'cmake_clean_first': False, 'cmake_force_configure': False, 'cmake_target': None, 'cmake_target_skip_unavailable': False, 'install_base': '/home/mohamed/ros2_ws/install/my_robot_bringup', 'merge_install': False, 'path': '/home/mohamed/ros2_ws/src/my_robot_bringup', 'symlink_install': False, 'test_result_base': None}
[0.507s] Level 5:colcon.colcon_core.verb:set package 'my_robot_description' build argument 'cmake_args' from command line to 'None'
[0.507s] Level 5:colcon.colcon_core.verb:set package 'my_robot_description' build argument 'cmake_target' from command line to 'None'
[0.507s] Level 5:colcon.colcon_core.verb:set package 'my_robot_description' build argument 'cmake_target_skip_unavailable' from command line to 'False'
[0.507s] Level 5:colcon.colcon_core.verb:set package 'my_robot_description' build argument 'cmake_clean_cache' from command line to 'False'
[0.507s] Level 5:colcon.colcon_core.verb:set package 'my_robot_description' build argument 'cmake_clean_first' from command line to 'False'
[0.507s] Level 5:colcon.colcon_core.verb:set package 'my_robot_description' build argument 'cmake_force_configure' from command line to 'False'
[0.507s] Level 5:colcon.colcon_core.verb:set package 'my_robot_description' build argument 'ament_cmake_args' from command line to 'None'
[0.507s] Level 5:colcon.colcon_core.verb:set package 'my_robot_description' build argument 'catkin_cmake_args' from command line to 'None'
[0.507s] Level 5:colcon.colcon_core.verb:set package 'my_robot_description' build argument 'catkin_skip_building_tests' from command line to 'False'
[0.507s] DEBUG:colcon.colcon_core.verb:Building package 'my_robot_description' with the following arguments: {'ament_cmake_args': None, 'build_base': '/home/mohamed/ros2_ws/build/my_robot_description', 'catkin_cmake_args': None, 'catkin_skip_building_tests': False, 'cmake_args': None, 'cmake_clean_cache': False, 'cmake_clean_first': False, 'cmake_force_configure': False, 'cmake_target': None, 'cmake_target_skip_unavailable': False, 'install_base': '/home/mohamed/ros2_ws/install/my_robot_description', 'merge_install': False, 'path': '/home/mohamed/ros2_ws/src/my_robot_description', 'symlink_install': False, 'test_result_base': None}
[0.508s] INFO:colcon.colcon_core.executor:Executing jobs using 'parallel' executor
[0.509s] DEBUG:colcon.colcon_parallel_executor.executor.parallel:run_until_complete
[0.510s] INFO:colcon.colcon_ros.task.ament_cmake.build:Building ROS package in '/home/mohamed/ros2_ws/src/my_robot_bringup' with build type 'ament_cmake'
[0.510s] INFO:colcon.colcon_cmake.task.cmake.build:Building CMake package in '/home/mohamed/ros2_ws/src/my_robot_bringup'
[0.514s] INFO:colcon.colcon_core.plugin_system:Skipping extension 'colcon_core.shell.bat': Not used on non-Windows systems
[0.514s] INFO:colcon.colcon_core.shell:Skip shell extension 'powershell' for command environment: Not usable outside of PowerShell
[0.514s] DEBUG:colcon.colcon_core.shell:Skip shell extension 'dsv' for command environment
[0.522s] INFO:colcon.colcon_ros.task.ament_cmake.build:Building ROS package in '/home/mohamed/ros2_ws/src/my_robot_description' with build type 'ament_cmake'
[0.522s] INFO:colcon.colcon_cmake.task.cmake.build:Building CMake package in '/home/mohamed/ros2_ws/src/my_robot_description'
[0.522s] INFO:colcon.colcon_core.shell:Skip shell extension 'powershell' for command environment: Not usable outside of PowerShell
[0.522s] DEBUG:colcon.colcon_core.shell:Skip shell extension 'dsv' for command environment
[0.538s] DEBUG:colcon.colcon_core.event_handler.log_command:Invoking command in '/home/mohamed/ros2_ws/build/my_robot_bringup': CMAKE_PREFIX_PATH=${CMAKE_PREFIX_PATH}:/opt/ros/jazzy DEBUGINFOD_URLS=https://debuginfod.ubuntu.com /usr/bin/cmake --build /home/mohamed/ros2_ws/build/my_robot_bringup -- -j16 -l16
[0.544s] DEBUG:colcon.colcon_core.event_handler.log_command:Invoking command in '/home/mohamed/ros2_ws/build/my_robot_description': CMAKE_PREFIX_PATH=${CMAKE_PREFIX_PATH}:/opt/ros/jazzy DEBUGINFOD_URLS=https://debuginfod.ubuntu.com /usr/bin/cmake --build /home/mohamed/ros2_ws/build/my_robot_description -- -j16 -l16
[0.606s] DEBUG:colcon.colcon_core.event_handler.log_command:Invoked command in '/home/mohamed/ros2_ws/build/my_robot_bringup' returned '0': CMAKE_PREFIX_PATH=${CMAKE_PREFIX_PATH}:/opt/ros/jazzy DEBUGINFOD_URLS=https://debuginfod.ubuntu.com /usr/bin/cmake --build /home/mohamed/ros2_ws/build/my_robot_bringup -- -j16 -l16
[0.627s] DEBUG:colcon.colcon_core.event_handler.log_command:Invoking command in '/home/mohamed/ros2_ws/build/my_robot_bringup': CMAKE_PREFIX_PATH=${CMAKE_PREFIX_PATH}:/opt/ros/jazzy DEBUGINFOD_URLS=https://debuginfod.ubuntu.com /usr/bin/cmake --install /home/mohamed/ros2_ws/build/my_robot_bringup
[0.628s] DEBUG:colcon.colcon_core.event_handler.log_command:Invoked command in '/home/mohamed/ros2_ws/build/my_robot_description' returned '0': CMAKE_PREFIX_PATH=${CMAKE_PREFIX_PATH}:/opt/ros/jazzy DEBUGINFOD_URLS=https://debuginfod.ubuntu.com /usr/bin/cmake --build /home/mohamed/ros2_ws/build/my_robot_description -- -j16 -l16
[0.630s] DEBUG:colcon.colcon_core.event_handler.log_command:Invoking command in '/home/mohamed/ros2_ws/build/my_robot_description': CMAKE_PREFIX_PATH=${CMAKE_PREFIX_PATH}:/opt/ros/jazzy DEBUGINFOD_URLS=https://debuginfod.ubuntu.com /usr/bin/cmake --install /home/mohamed/ros2_ws/build/my_robot_description
[0.667s] Level 1:colcon.colcon_core.environment:create_environment_scripts_only(my_robot_bringup)
[0.668s] DEBUG:colcon.colcon_core.event_handler.log_command:Invoked command in '/home/mohamed/ros2_ws/build/my_robot_bringup' returned '0': CMAKE_PREFIX_PATH=${CMAKE_PREFIX_PATH}:/opt/ros/jazzy DEBUGINFOD_URLS=https://debuginfod.ubuntu.com /usr/bin/cmake --install /home/mohamed/ros2_ws/build/my_robot_bringup
[0.673s] Level 1:colcon.colcon_core.environment:checking '/home/mohamed/ros2_ws/install/my_robot_bringup' for CMake module files
[0.674s] Level 1:colcon.colcon_core.environment:checking '/home/mohamed/ros2_ws/install/my_robot_bringup' for CMake config files
[0.675s] Level 1:colcon.colcon_core.shell:create_environment_hook('my_robot_bringup', 'cmake_prefix_path')
[0.675s] INFO:colcon.colcon_core.shell:Creating environment hook '/home/mohamed/ros2_ws/install/my_robot_bringup/share/my_robot_bringup/hook/cmake_prefix_path.ps1'
[0.676s] INFO:colcon.colcon_core.shell:Creating environment descriptor '/home/mohamed/ros2_ws/install/my_robot_bringup/share/my_robot_bringup/hook/cmake_prefix_path.dsv'
[0.677s] INFO:colcon.colcon_core.shell:Creating environment hook '/home/mohamed/ros2_ws/install/my_robot_bringup/share/my_robot_bringup/hook/cmake_prefix_path.sh'
[0.679s] Level 1:colcon.colcon_core.environment:checking '/home/mohamed/ros2_ws/install/my_robot_bringup/bin'
[0.679s] Level 1:colcon.colcon_core.environment:checking '/home/mohamed/ros2_ws/install/my_robot_bringup/lib/pkgconfig/my_robot_bringup.pc'
[0.680s] Level 1:colcon.colcon_core.environment:checking '/home/mohamed/ros2_ws/install/my_robot_bringup/lib/python3.12/site-packages'
[0.680s] Level 1:colcon.colcon_core.environment:checking '/home/mohamed/ros2_ws/install/my_robot_bringup/bin'
[0.680s] INFO:colcon.colcon_core.shell:Creating package script '/home/mohamed/ros2_ws/install/my_robot_bringup/share/my_robot_bringup/package.ps1'
[0.682s] INFO:colcon.colcon_core.shell:Creating package descriptor '/home/mohamed/ros2_ws/install/my_robot_bringup/share/my_robot_bringup/package.dsv'
[0.683s] INFO:colcon.colcon_core.shell:Creating package script '/home/mohamed/ros2_ws/install/my_robot_bringup/share/my_robot_bringup/package.sh'
[0.684s] INFO:colcon.colcon_core.shell:Creating package script '/home/mohamed/ros2_ws/install/my_robot_bringup/share/my_robot_bringup/package.bash'
[0.685s] INFO:colcon.colcon_core.shell:Creating package script '/home/mohamed/ros2_ws/install/my_robot_bringup/share/my_robot_bringup/package.zsh'
[0.687s] Level 1:colcon.colcon_core.environment:create_file_with_runtime_dependencies(/home/mohamed/ros2_ws/install/my_robot_bringup/share/colcon-core/packages/my_robot_bringup)
[0.688s] Level 1:colcon.colcon_core.environment:create_environment_scripts_only(my_robot_bringup)
[0.688s] Level 1:colcon.colcon_core.environment:checking '/home/mohamed/ros2_ws/install/my_robot_bringup' for CMake module files
[0.689s] Level 1:colcon.colcon_core.environment:checking '/home/mohamed/ros2_ws/install/my_robot_bringup' for CMake config files
[0.690s] Level 1:colcon.colcon_core.shell:create_environment_hook('my_robot_bringup', 'cmake_prefix_path')
[0.690s] INFO:colcon.colcon_core.shell:Creating environment hook '/home/mohamed/ros2_ws/install/my_robot_bringup/share/my_robot_bringup/hook/cmake_prefix_path.ps1'
[0.691s] INFO:colcon.colcon_core.shell:Creating environment descriptor '/home/mohamed/ros2_ws/install/my_robot_bringup/share/my_robot_bringup/hook/cmake_prefix_path.dsv'
[0.692s] INFO:colcon.colcon_core.shell:Creating environment hook '/home/mohamed/ros2_ws/install/my_robot_bringup/share/my_robot_bringup/hook/cmake_prefix_path.sh'
[0.693s] Level 1:colcon.colcon_core.environment:checking '/home/mohamed/ros2_ws/install/my_robot_bringup/bin'
[0.693s] Level 1:colcon.colcon_core.environment:checking '/home/mohamed/ros2_ws/install/my_robot_bringup/lib/pkgconfig/my_robot_bringup.pc'
[0.694s] Level 1:colcon.colcon_core.environment:checking '/home/mohamed/ros2_ws/install/my_robot_bringup/lib/python3.12/site-packages'
[0.694s] Level 1:colcon.colcon_core.environment:checking '/home/mohamed/ros2_ws/install/my_robot_bringup/bin'
[0.695s] INFO:colcon.colcon_core.shell:Creating package script '/home/mohamed/ros2_ws/install/my_robot_bringup/share/my_robot_bringup/package.ps1'
[0.696s] INFO:colcon.colcon_core.shell:Creating package descriptor '/home/mohamed/ros2_ws/install/my_robot_bringup/share/my_robot_bringup/package.dsv'
[0.697s] INFO:colcon.colcon_core.shell:Creating package script '/home/mohamed/ros2_ws/install/my_robot_bringup/share/my_robot_bringup/package.sh'
[0.698s] INFO:colcon.colcon_core.shell:Creating package script '/home/mohamed/ros2_ws/install/my_robot_bringup/share/my_robot_bringup/package.bash'
[0.698s] INFO:colcon.colcon_core.shell:Creating package script '/home/mohamed/ros2_ws/install/my_robot_bringup/share/my_robot_bringup/package.zsh'
[0.699s] Level 1:colcon.colcon_core.environment:create_file_with_runtime_dependencies(/home/mohamed/ros2_ws/install/my_robot_bringup/share/colcon-core/packages/my_robot_bringup)
[0.701s] Level 1:colcon.colcon_core.environment:create_environment_scripts_only(my_robot_description)
[0.702s] Level 1:colcon.colcon_core.environment:checking '/home/mohamed/ros2_ws/install/my_robot_description' for CMake module files
[0.703s] DEBUG:colcon.colcon_core.event_handler.log_command:Invoked command in '/home/mohamed/ros2_ws/build/my_robot_description' returned '0': CMAKE_PREFIX_PATH=${CMAKE_PREFIX_PATH}:/opt/ros/jazzy DEBUGINFOD_URLS=https://debuginfod.ubuntu.com /usr/bin/cmake --install /home/mohamed/ros2_ws/build/my_robot_description
[0.704s] Level 1:colcon.colcon_core.environment:checking '/home/mohamed/ros2_ws/install/my_robot_description' for CMake config files
[0.704s] Level 1:colcon.colcon_core.shell:create_environment_hook('my_robot_description', 'cmake_prefix_path')
[0.705s] INFO:colcon.colcon_core.shell:Creating environment hook '/home/mohamed/ros2_ws/install/my_robot_description/share/my_robot_description/hook/cmake_prefix_path.ps1'
[0.706s] INFO:colcon.colcon_core.shell:Creating environment descriptor '/home/mohamed/ros2_ws/install/my_robot_description/share/my_robot_description/hook/cmake_prefix_path.dsv'
[0.706s] INFO:colcon.colcon_core.shell:Creating environment hook '/home/mohamed/ros2_ws/install/my_robot_description/share/my_robot_description/hook/cmake_prefix_path.sh'
[0.707s] Level 1:colcon.colcon_core.environment:checking '/home/mohamed/ros2_ws/install/my_robot_description/bin'
[0.708s] Level 1:colcon.colcon_core.environment:checking '/home/mohamed/ros2_ws/install/my_robot_description/lib/pkgconfig/my_robot_description.pc'
[0.708s] Level 1:colcon.colcon_core.environment:checking '/home/mohamed/ros2_ws/install/my_robot_description/lib/python3.12/site-packages'
[0.709s] Level 1:colcon.colcon_core.environment:checking '/home/mohamed/ros2_ws/install/my_robot_description/bin'
[0.709s] INFO:colcon.colcon_core.shell:Creating package script '/home/mohamed/ros2_ws/install/my_robot_description/share/my_robot_description/package.ps1'
[0.710s] INFO:colcon.colcon_core.shell:Creating package descriptor '/home/mohamed/ros2_ws/install/my_robot_description/share/my_robot_description/package.dsv'
[0.711s] INFO:colcon.colcon_core.shell:Creating package script '/home/mohamed/ros2_ws/install/my_robot_description/share/my_robot_description/package.sh'
[0.712s] INFO:colcon.colcon_core.shell:Creating package script '/home/mohamed/ros2_ws/install/my_robot_description/share/my_robot_description/package.bash'
[0.713s] INFO:colcon.colcon_core.shell:Creating package script '/home/mohamed/ros2_ws/install/my_robot_description/share/my_robot_description/package.zsh'
[0.713s] Level 1:colcon.colcon_core.environment:create_file_with_runtime_dependencies(/home/mohamed/ros2_ws/install/my_robot_description/share/colcon-core/packages/my_robot_description)
[0.714s] Level 1:colcon.colcon_core.environment:create_environment_scripts_only(my_robot_description)
[0.714s] Level 1:colcon.colcon_core.environment:checking '/home/mohamed/ros2_ws/install/my_robot_description' for CMake module files
[0.715s] Level 1:colcon.colcon_core.environment:checking '/home/mohamed/ros2_ws/install/my_robot_description' for CMake config files
[0.716s] Level 1:colcon.colcon_core.shell:create_environment_hook('my_robot_description', 'cmake_prefix_path')
[0.716s] INFO:colcon.colcon_core.shell:Creating environment hook '/home/mohamed/ros2_ws/install/my_robot_description/share/my_robot_description/hook/cmake_prefix_path.ps1'
[0.717s] INFO:colcon.colcon_core.shell:Creating environment descriptor '/home/mohamed/ros2_ws/install/my_robot_description/share/my_robot_description/hook/cmake_prefix_path.dsv'
[0.718s] INFO:colcon.colcon_core.shell:Creating environment hook '/home/mohamed/ros2_ws/install/my_robot_description/share/my_robot_description/hook/cmake_prefix_path.sh'
[0.719s] Level 1:colcon.colcon_core.environment:checking '/home/mohamed/ros2_ws/install/my_robot_description/bin'
[0.719s] Level 1:colcon.colcon_core.environment:checking '/home/mohamed/ros2_ws/install/my_robot_description/lib/pkgconfig/my_robot_description.pc'
[0.720s] Level 1:colcon.colcon_core.environment:checking '/home/mohamed/ros2_ws/install/my_robot_description/lib/python3.12/site-packages'
[0.720s] Level 1:colcon.colcon_core.environment:checking '/home/mohamed/ros2_ws/install/my_robot_description/bin'
[0.721s] INFO:colcon.colcon_core.shell:Creating package script '/home/mohamed/ros2_ws/install/my_robot_description/share/my_robot_description/package.ps1'
[0.722s] INFO:colcon.colcon_core.shell:Creating package descriptor '/home/mohamed/ros2_ws/install/my_robot_description/share/my_robot_description/package.dsv'
[0.722s] INFO:colcon.colcon_core.shell:Creating package script '/home/mohamed/ros2_ws/install/my_robot_description/share/my_robot_description/package.sh'
[0.723s] INFO:colcon.colcon_core.shell:Creating package script '/home/mohamed/ros2_ws/install/my_robot_description/share/my_robot_description/package.bash'
[0.724s] INFO:colcon.colcon_core.shell:Creating package script '/home/mohamed/ros2_ws/install/my_robot_description/share/my_robot_description/package.zsh'
[0.725s] Level 1:colcon.colcon_core.environment:create_file_with_runtime_dependencies(/home/mohamed/ros2_ws/install/my_robot_description/share/colcon-core/packages/my_robot_description)
[0.725s] DEBUG:colcon.colcon_parallel_executor.executor.parallel:closing loop
[0.726s] DEBUG:colcon.colcon_parallel_executor.executor.parallel:loop closed
[0.726s] DEBUG:colcon.colcon_parallel_executor.executor.parallel:run_until_complete finished with '0'
[0.726s] DEBUG:colcon.colcon_core.event_reactor:joining thread
[0.737s] INFO:colcon.colcon_core.plugin_system:Skipping extension 'colcon_notification.desktop_notification.terminal_notifier': Not used on non-Darwin systems
[0.737s] INFO:colcon.colcon_core.plugin_system:Skipping extension 'colcon_notification.desktop_notification.win32': Not used on non-Windows systems
[0.738s] INFO:colcon.colcon_notification.desktop_notification:Sending desktop notification using 'notify2'
[0.762s] DEBUG:colcon.colcon_core.event_reactor:joined thread
[0.763s] INFO:colcon.colcon_core.shell:Creating prefix script '/home/mohamed/ros2_ws/install/local_setup.ps1'
[0.765s] INFO:colcon.colcon_core.shell:Creating prefix util module '/home/mohamed/ros2_ws/install/_local_setup_util_ps1.py'
[0.768s] INFO:colcon.colcon_core.shell:Creating prefix chain script '/home/mohamed/ros2_ws/install/setup.ps1'
[0.770s] INFO:colcon.colcon_core.shell:Creating prefix script '/home/mohamed/ros2_ws/install/local_setup.sh'
[0.771s] INFO:colcon.colcon_core.shell:Creating prefix util module '/home/mohamed/ros2_ws/install/_local_setup_util_sh.py'
[0.772s] INFO:colcon.colcon_core.shell:Creating prefix chain script '/home/mohamed/ros2_ws/install/setup.sh'
[0.774s] INFO:colcon.colcon_core.shell:Creating prefix script '/home/mohamed/ros2_ws/install/local_setup.bash'
[0.775s] INFO:colcon.colcon_core.shell:Creating prefix chain script '/home/mohamed/ros2_ws/install/setup.bash'
[0.777s] INFO:colcon.colcon_core.shell:Creating prefix script '/home/mohamed/ros2_ws/install/local_setup.zsh'
[0.778s] INFO:colcon.colcon_core.shell:Creating prefix chain script '/home/mohamed/ros2_ws/install/setup.zsh'
