[0.032s] Invoking command in '/home/mohamed/ros2_ws2/build/my_robot_bringup': CMAKE_PREFIX_PATH=${CMAKE_PREFIX_PATH}:/home/mohamed/ros2_final_project/install/final_project:/home/mohamed/ros2_ws/install/my_py_pkg:/home/mohamed/ros2_ws/install/activity_4:/home/mohamed/ros2_ws/install/final_project:/home/mohamed/ros2_ws/install/activity_2:/opt/ros/jazzy DEBUGINFOD_URLS=https://debuginfod.ubuntu.com /usr/bin/cmake --build /home/mohamed/ros2_ws2/build/my_robot_bringup -- -j7 -l7
[0.066s] -- Found ament_cmake: 2.5.4 (/opt/ros/jazzy/share/ament_cmake/cmake)
[0.315s] -- Override CMake install command with custom implementation using symlinks instead of copying resources
[0.421s] -- Configuring done (0.4s)
[0.428s] -- Generating done (0.0s)
[0.432s] -- Build files have been written to: /home/mohamed/ros2_ws2/build/my_robot_bringup
[0.462s] Invoked command in '/home/mohamed/ros2_ws2/build/my_robot_bringup' returned '0': CMAKE_PREFIX_PATH=${CMAKE_PREFIX_PATH}:/home/mohamed/ros2_final_project/install/final_project:/home/mohamed/ros2_ws/install/my_py_pkg:/home/mohamed/ros2_ws/install/activity_4:/home/mohamed/ros2_ws/install/final_project:/home/mohamed/ros2_ws/install/activity_2:/opt/ros/jazzy DEBUGINFOD_URLS=https://debuginfod.ubuntu.com /usr/bin/cmake --build /home/mohamed/ros2_ws2/build/my_robot_bringup -- -j7 -l7
[0.463s] Invoking command in '/home/mohamed/ros2_ws2/build/my_robot_bringup': CMAKE_PREFIX_PATH=${CMAKE_PREFIX_PATH}:/home/mohamed/ros2_final_project/install/final_project:/home/mohamed/ros2_ws/install/my_py_pkg:/home/mohamed/ros2_ws/install/activity_4:/home/mohamed/ros2_ws/install/final_project:/home/mohamed/ros2_ws/install/activity_2:/opt/ros/jazzy DEBUGINFOD_URLS=https://debuginfod.ubuntu.com /usr/bin/cmake --install /home/mohamed/ros2_ws2/build/my_robot_bringup
[0.476s] -- Install configuration: ""
[0.476s] -- Execute custom install script
[0.477s] -- Up-to-date symlink: /home/mohamed/ros2_ws2/install/my_robot_bringup/share/my_robot_bringup/launch/my_robot_gazebo.launch.xml
[0.477s] -- Up-to-date symlink: /home/mohamed/ros2_ws2/install/my_robot_bringup/share/ament_index/resource_index/package_run_dependencies/my_robot_bringup
[0.477s] -- Up-to-date symlink: /home/mohamed/ros2_ws2/install/my_robot_bringup/share/ament_index/resource_index/parent_prefix_path/my_robot_bringup
[0.477s] -- Up-to-date symlink: /home/mohamed/ros2_ws2/install/my_robot_bringup/share/my_robot_bringup/environment/ament_prefix_path.sh
[0.478s] -- Up-to-date symlink: /home/mohamed/ros2_ws2/install/my_robot_bringup/share/my_robot_bringup/environment/ament_prefix_path.dsv
[0.478s] -- Up-to-date symlink: /home/mohamed/ros2_ws2/install/my_robot_bringup/share/my_robot_bringup/environment/path.sh
[0.478s] -- Up-to-date symlink: /home/mohamed/ros2_ws2/install/my_robot_bringup/share/my_robot_bringup/environment/path.dsv
[0.478s] -- Up-to-date symlink: /home/mohamed/ros2_ws2/install/my_robot_bringup/share/my_robot_bringup/local_setup.bash
[0.478s] -- Up-to-date symlink: /home/mohamed/ros2_ws2/install/my_robot_bringup/share/my_robot_bringup/local_setup.sh
[0.479s] -- Up-to-date symlink: /home/mohamed/ros2_ws2/install/my_robot_bringup/share/my_robot_bringup/local_setup.zsh
[0.479s] -- Up-to-date symlink: /home/mohamed/ros2_ws2/install/my_robot_bringup/share/my_robot_bringup/local_setup.dsv
[0.479s] -- Symlinking: /home/mohamed/ros2_ws2/install/my_robot_bringup/share/my_robot_bringup/package.dsv
[0.489s] -- Up-to-date symlink: /home/mohamed/ros2_ws2/install/my_robot_bringup/share/ament_index/resource_index/packages/my_robot_bringup
[0.490s] -- Up-to-date symlink: /home/mohamed/ros2_ws2/install/my_robot_bringup/share/my_robot_bringup/cmake/my_robot_bringupConfig.cmake
[0.490s] -- Up-to-date symlink: /home/mohamed/ros2_ws2/install/my_robot_bringup/share/my_robot_bringup/cmake/my_robot_bringupConfig-version.cmake
[0.490s] -- Up-to-date symlink: /home/mohamed/ros2_ws2/install/my_robot_bringup/share/my_robot_bringup/package.xml
[0.493s] Invoked command in '/home/mohamed/ros2_ws2/build/my_robot_bringup' returned '0': CMAKE_PREFIX_PATH=${CMAKE_PREFIX_PATH}:/home/mohamed/ros2_final_project/install/final_project:/home/mohamed/ros2_ws/install/my_py_pkg:/home/mohamed/ros2_ws/install/activity_4:/home/mohamed/ros2_ws/install/final_project:/home/mohamed/ros2_ws/install/activity_2:/opt/ros/jazzy DEBUGINFOD_URLS=https://debuginfod.ubuntu.com /usr/bin/cmake --install /home/mohamed/ros2_ws2/build/my_robot_bringup
