[0.031s] Invoking command in '/home/mohamed/ros2_ws/build/my_robot_bringup': CMAKE_PREFIX_PATH=${CMAKE_PREFIX_PATH}:/opt/ros/jazzy DEBUGINFOD_URLS=https://debuginfod.ubuntu.com /usr/bin/cmake --build /home/mohamed/ros2_ws/build/my_robot_bringup -- -j16 -l16
[0.128s] -- Found ament_cmake: 2.5.4 (/opt/ros/jazzy/share/ament_cmake/cmake)
[0.852s] -- Configuring done (0.7s)
[0.862s] -- Generating done (0.0s)
[0.865s] -- Build files have been written to: /home/mohamed/ros2_ws/build/my_robot_bringup
[0.910s] Invoked command in '/home/mohamed/ros2_ws/build/my_robot_bringup' returned '0': CMAKE_PREFIX_PATH=${CMAKE_PREFIX_PATH}:/opt/ros/jazzy DEBUGINFOD_URLS=https://debuginfod.ubuntu.com /usr/bin/cmake --build /home/mohamed/ros2_ws/build/my_robot_bringup -- -j16 -l16
[0.913s] Invoking command in '/home/mohamed/ros2_ws/build/my_robot_bringup': CMAKE_PREFIX_PATH=${CMAKE_PREFIX_PATH}:/opt/ros/jazzy DEBUGINFOD_URLS=https://debuginfod.ubuntu.com /usr/bin/cmake --install /home/mohamed/ros2_ws/build/my_robot_bringup
[0.929s] -- Install configuration: ""
[0.930s] -- Up-to-date: /home/mohamed/ros2_ws/install/my_robot_bringup/share/my_robot_bringup/launch
[0.930s] -- Installing: /home/mohamed/ros2_ws/install/my_robot_bringup/share/my_robot_bringup/launch/my_robot_gazebo.launch.xml
[0.930s] -- Up-to-date: /home/mohamed/ros2_ws/install/my_robot_bringup/share/my_robot_bringup/config
[0.931s] -- Up-to-date: /home/mohamed/ros2_ws/install/my_robot_bringup/share/my_robot_bringup/config/gazebo_bridge.yaml
[0.931s] -- Installing: /home/mohamed/ros2_ws/install/my_robot_bringup/share/my_robot_bringup/worlds
[0.931s] -- Installing: /home/mohamed/ros2_ws/install/my_robot_bringup/share/my_robot_bringup/worlds/my_gazebo_world.sdf
[0.931s] -- Up-to-date: /home/mohamed/ros2_ws/install/my_robot_bringup/share/ament_index/resource_index/package_run_dependencies/my_robot_bringup
[0.931s] -- Installing: /home/mohamed/ros2_ws/install/my_robot_bringup/share/ament_index/resource_index/parent_prefix_path/my_robot_bringup
[0.932s] -- Up-to-date: /home/mohamed/ros2_ws/install/my_robot_bringup/share/my_robot_bringup/environment/ament_prefix_path.sh
[0.932s] -- Up-to-date: /home/mohamed/ros2_ws/install/my_robot_bringup/share/my_robot_bringup/environment/ament_prefix_path.dsv
[0.932s] -- Up-to-date: /home/mohamed/ros2_ws/install/my_robot_bringup/share/my_robot_bringup/environment/path.sh
[0.932s] -- Up-to-date: /home/mohamed/ros2_ws/install/my_robot_bringup/share/my_robot_bringup/environment/path.dsv
[0.932s] -- Up-to-date: /home/mohamed/ros2_ws/install/my_robot_bringup/share/my_robot_bringup/local_setup.bash
[0.933s] -- Up-to-date: /home/mohamed/ros2_ws/install/my_robot_bringup/share/my_robot_bringup/local_setup.sh
[0.933s] -- Up-to-date: /home/mohamed/ros2_ws/install/my_robot_bringup/share/my_robot_bringup/local_setup.zsh
[0.933s] -- Up-to-date: /home/mohamed/ros2_ws/install/my_robot_bringup/share/my_robot_bringup/local_setup.dsv
[0.933s] -- Installing: /home/mohamed/ros2_ws/install/my_robot_bringup/share/my_robot_bringup/package.dsv
[0.933s] -- Up-to-date: /home/mohamed/ros2_ws/install/my_robot_bringup/share/ament_index/resource_index/packages/my_robot_bringup
[0.933s] -- Up-to-date: /home/mohamed/ros2_ws/install/my_robot_bringup/share/my_robot_bringup/cmake/my_robot_bringupConfig.cmake
[0.934s] -- Up-to-date: /home/mohamed/ros2_ws/install/my_robot_bringup/share/my_robot_bringup/cmake/my_robot_bringupConfig-version.cmake
[0.934s] -- Up-to-date: /home/mohamed/ros2_ws/install/my_robot_bringup/share/my_robot_bringup/package.xml
[0.935s] Invoked command in '/home/mohamed/ros2_ws/build/my_robot_bringup' returned '0': CMAKE_PREFIX_PATH=${CMAKE_PREFIX_PATH}:/opt/ros/jazzy DEBUGINFOD_URLS=https://debuginfod.ubuntu.com /usr/bin/cmake --install /home/mohamed/ros2_ws/build/my_robot_bringup
