[0.092s] Invoking command in '/home/mohamed/ros2_ws2/build/my_robot_description': CMAKE_PREFIX_PATH=${CMAKE_PREFIX_PATH}:/home/mohamed/ros2_final_project/install/final_project:/home/mohamed/ros2_ws/install/my_py_pkg:/home/mohamed/ros2_ws/install/activity_4:/home/mohamed/ros2_ws/install/final_project:/home/mohamed/ros2_ws/install/activity_2:/opt/ros/jazzy DEBUGINFOD_URLS=https://debuginfod.ubuntu.com /usr/bin/cmake --build /home/mohamed/ros2_ws2/build/my_robot_description -- -j7 -l7
[0.563s] Invoked command in '/home/mohamed/ros2_ws2/build/my_robot_description' returned '0': CMAKE_PREFIX_PATH=${CMAKE_PREFIX_PATH}:/home/mohamed/ros2_final_project/install/final_project:/home/mohamed/ros2_ws/install/my_py_pkg:/home/mohamed/ros2_ws/install/activity_4:/home/mohamed/ros2_ws/install/final_project:/home/mohamed/ros2_ws/install/activity_2:/opt/ros/jazzy DEBUGINFOD_URLS=https://debuginfod.ubuntu.com /usr/bin/cmake --build /home/mohamed/ros2_ws2/build/my_robot_description -- -j7 -l7
[0.565s] Invoking command in '/home/mohamed/ros2_ws2/build/my_robot_description': CMAKE_PREFIX_PATH=${CMAKE_PREFIX_PATH}:/home/mohamed/ros2_final_project/install/final_project:/home/mohamed/ros2_ws/install/my_py_pkg:/home/mohamed/ros2_ws/install/activity_4:/home/mohamed/ros2_ws/install/final_project:/home/mohamed/ros2_ws/install/activity_2:/opt/ros/jazzy DEBUGINFOD_URLS=https://debuginfod.ubuntu.com /usr/bin/cmake --install /home/mohamed/ros2_ws2/build/my_robot_description
[0.638s] -- Install configuration: ""
[0.639s] -- Execute custom install script
[0.642s] -- Up-to-date symlink: /home/mohamed/ros2_ws2/install/my_robot_description/share/my_robot_description//urdf/common_properties.xacro
[0.642s] -- Up-to-date symlink: /home/mohamed/ros2_ws2/install/my_robot_description/share/my_robot_description//urdf/mobile_base.xacro
[0.642s] -- Up-to-date symlink: /home/mohamed/ros2_ws2/install/my_robot_description/share/my_robot_description//urdf/mobile_base_gz.xarco
[0.642s] -- Up-to-date symlink: /home/mohamed/ros2_ws2/install/my_robot_description/share/my_robot_description//urdf/my_robot.urdf.xacro
[0.642s] -- Up-to-date symlink: /home/mohamed/ros2_ws2/install/my_robot_description/share/my_robot_description//launch/display.launch.xml
[0.655s] -- Up-to-date symlink: /home/mohamed/ros2_ws2/install/my_robot_description/share/ament_index/resource_index/package_run_dependencies/my_robot_description
[0.655s] -- Up-to-date symlink: /home/mohamed/ros2_ws2/install/my_robot_description/share/ament_index/resource_index/parent_prefix_path/my_robot_description
[0.657s] -- Up-to-date symlink: /home/mohamed/ros2_ws2/install/my_robot_description/share/my_robot_description/environment/ament_prefix_path.sh
[0.671s] -- Up-to-date symlink: /home/mohamed/ros2_ws2/install/my_robot_description/share/my_robot_description/environment/ament_prefix_path.dsv
[0.671s] -- Up-to-date symlink: /home/mohamed/ros2_ws2/install/my_robot_description/share/my_robot_description/environment/path.sh
[0.677s] -- Up-to-date symlink: /home/mohamed/ros2_ws2/install/my_robot_description/share/my_robot_description/environment/path.dsv
[0.677s] -- Up-to-date symlink: /home/mohamed/ros2_ws2/install/my_robot_description/share/my_robot_description/local_setup.bash
[0.679s] -- Up-to-date symlink: /home/mohamed/ros2_ws2/install/my_robot_description/share/my_robot_description/local_setup.sh
[0.683s] -- Up-to-date symlink: /home/mohamed/ros2_ws2/install/my_robot_description/share/my_robot_description/local_setup.zsh
[0.684s] -- Up-to-date symlink: /home/mohamed/ros2_ws2/install/my_robot_description/share/my_robot_description/local_setup.dsv
[0.684s] -- Symlinking: /home/mohamed/ros2_ws2/install/my_robot_description/share/my_robot_description/package.dsv
[0.742s] -- Up-to-date symlink: /home/mohamed/ros2_ws2/install/my_robot_description/share/ament_index/resource_index/packages/my_robot_description
[0.743s] -- Up-to-date symlink: /home/mohamed/ros2_ws2/install/my_robot_description/share/my_robot_description/cmake/my_robot_descriptionConfig.cmake
[0.743s] -- Up-to-date symlink: /home/mohamed/ros2_ws2/install/my_robot_description/share/my_robot_description/cmake/my_robot_descriptionConfig-version.cmake
[0.743s] -- Up-to-date symlink: /home/mohamed/ros2_ws2/install/my_robot_description/share/my_robot_description/package.xml
[1.004s] Invoked command in '/home/mohamed/ros2_ws2/build/my_robot_description' returned '0': CMAKE_PREFIX_PATH=${CMAKE_PREFIX_PATH}:/home/mohamed/ros2_final_project/install/final_project:/home/mohamed/ros2_ws/install/my_py_pkg:/home/mohamed/ros2_ws/install/activity_4:/home/mohamed/ros2_ws/install/final_project:/home/mohamed/ros2_ws/install/activity_2:/opt/ros/jazzy DEBUGINFOD_URLS=https://debuginfod.ubuntu.com /usr/bin/cmake --install /home/mohamed/ros2_ws2/build/my_robot_description
